Starting job 1377250 on c1-16 on fox at Fri Mar 7 15:07:21 CET 2025

/var/spool/slurmd/job1377250/slurm_script: line 17: source: /fp/homes01/u01/ec-emilp/.bashrc: is a directory
-------------------------------------------------------------------------------
There are messages associated with the following module(s):
-------------------------------------------------------------------------------

PyTorch/2.1.2-foss-2023a-CUDA-12.1.1:
   NB! This version of PyTorch has not been through the normal testsuite and
   should be considered experimental for now

-------------------------------------------------------------------------------


The following have been reloaded with a version change:
  1) GCCcore/12.3.0 => GCCcore/12.2.0
  2) GMP/6.2.1-GCCcore-12.3.0 => GMP/6.2.1-GCCcore-12.2.0
  3) Python/3.11.3-GCCcore-12.3.0 => Python/3.10.8-GCCcore-12.2.0
  4) SQLite/3.42.0-GCCcore-12.3.0 => SQLite/3.39.4-GCCcore-12.2.0
  5) Tcl/8.6.13-GCCcore-12.3.0 => Tcl/8.6.12-GCCcore-12.2.0
  6) XZ/5.4.2-GCCcore-12.3.0 => XZ/5.2.7-GCCcore-12.2.0
  7) binutils/2.40-GCCcore-12.3.0 => binutils/2.39-GCCcore-12.2.0
  8) bzip2/1.0.8-GCCcore-12.3.0 => bzip2/1.0.8-GCCcore-12.2.0
  9) libffi/3.4.4-GCCcore-12.3.0 => libffi/3.4.4-GCCcore-12.2.0
 10) libreadline/8.2-GCCcore-12.3.0 => libreadline/8.2-GCCcore-12.2.0
 11) ncurses/6.4-GCCcore-12.3.0 => ncurses/6.3-GCCcore-12.2.0
 12) zlib/1.2.13-GCCcore-12.3.0 => zlib/1.2.12-GCCcore-12.2.0


The following have been reloaded with a version change:
  1) FFTW/3.3.10-GCC-12.3.0 => FFTW/3.3.10-GCC-13.3.0
  2) FlexiBLAS/3.3.1-GCC-12.3.0 => FlexiBLAS/3.4.4-GCC-13.3.0
  3) GCC/12.3.0 => GCC/13.3.0
  4) GCCcore/12.2.0 => GCCcore/13.3.0
  5) OpenBLAS/0.3.23-GCC-12.3.0 => OpenBLAS/0.3.27-GCC-13.3.0
  6) OpenSSL/1.1 => OpenSSL/3
  7) Python-bundle-PyPI/2023.06-GCCcore-12.3.0 => Python-bundle-PyPI/2024.06-GCCcore-13.3.0
  8) Python/3.10.8-GCCcore-12.2.0 => Python/3.12.3-GCCcore-13.3.0
  9) SQLite/3.39.4-GCCcore-12.2.0 => SQLite/3.45.3-GCCcore-13.3.0
 10) SciPy-bundle/2023.07-gfbf-2023a => SciPy-bundle/2024.05-gfbf-2024a
 11) Tcl/8.6.12-GCCcore-12.2.0 => Tcl/8.6.14-GCCcore-13.3.0
 12) XZ/5.2.7-GCCcore-12.2.0 => XZ/5.4.5-GCCcore-13.3.0
 13) binutils/2.39-GCCcore-12.2.0 => binutils/2.42-GCCcore-13.3.0
 14) bzip2/1.0.8-GCCcore-12.2.0 => bzip2/1.0.8-GCCcore-13.3.0
 15) cffi/1.15.1-GCCcore-12.3.0 => cffi/1.16.0-GCCcore-13.3.0
 16) cryptography/41.0.1-GCCcore-12.3.0 => cryptography/42.0.8-GCCcore-13.3.0
 17) gfbf/2023a => gfbf/2024a
 18) gzip/1.12-GCCcore-12.3.0 => gzip/1.13-GCCcore-13.3.0
 19) libffi/3.4.4-GCCcore-12.2.0 => libffi/3.4.5-GCCcore-13.3.0
 20) libreadline/8.2-GCCcore-12.2.0 => libreadline/8.2-GCCcore-13.3.0
 21) lz4/1.9.4-GCCcore-12.3.0 => lz4/1.9.4-GCCcore-13.3.0
 22) ncurses/6.3-GCCcore-12.2.0 => ncurses/6.5-GCCcore-13.3.0
 23) pybind11/2.11.1-GCCcore-12.3.0 => pybind11/2.12.0-GCC-13.3.0
 24) virtualenv/20.23.1-GCCcore-12.3.0 => virtualenv/20.26.2-GCCcore-13.3.0
 25) zlib/1.2.12-GCCcore-12.2.0 => zlib/1.3.1-GCCcore-13.3.0
 26) zstd/1.5.5-GCCcore-12.3.0 => zstd/1.5.6-GCCcore-13.3.0


The following have been reloaded with a version change:
  1) FFTW/3.3.10-GCC-13.3.0 => FFTW/3.3.10-GCC-12.3.0
  2) FlexiBLAS/3.4.4-GCC-13.3.0 => FlexiBLAS/3.3.1-GCC-12.3.0
  3) GCC/13.3.0 => GCC/12.3.0
  4) GCCcore/13.3.0 => GCCcore/12.3.0
  5) OpenBLAS/0.3.27-GCC-13.3.0 => OpenBLAS/0.3.23-GCC-12.3.0
  6) OpenSSL/3 => OpenSSL/1.1
  7) Python-bundle-PyPI/2024.06-GCCcore-13.3.0 => Python-bundle-PyPI/2023.06-GCCcore-12.3.0
  8) Python/3.12.3-GCCcore-13.3.0 => Python/3.11.3-GCCcore-12.3.0
  9) SQLite/3.45.3-GCCcore-13.3.0 => SQLite/3.42.0-GCCcore-12.3.0
 10) SciPy-bundle/2024.05-gfbf-2024a => SciPy-bundle/2023.07-gfbf-2023a
 11) Tcl/8.6.14-GCCcore-13.3.0 => Tcl/8.6.13-GCCcore-12.3.0
 12) XZ/5.4.5-GCCcore-13.3.0 => XZ/5.4.2-GCCcore-12.3.0
 13) binutils/2.42-GCCcore-13.3.0 => binutils/2.40-GCCcore-12.3.0
 14) bzip2/1.0.8-GCCcore-13.3.0 => bzip2/1.0.8-GCCcore-12.3.0
 15) cffi/1.16.0-GCCcore-13.3.0 => cffi/1.15.1-GCCcore-12.3.0
 16) cryptography/42.0.8-GCCcore-13.3.0 => cryptography/41.0.1-GCCcore-12.3.0
 17) gfbf/2024a => gfbf/2023a
 18) libffi/3.4.5-GCCcore-13.3.0 => libffi/3.4.4-GCCcore-12.3.0
 19) libreadline/8.2-GCCcore-13.3.0 => libreadline/8.2-GCCcore-12.3.0
 20) ncurses/6.5-GCCcore-13.3.0 => ncurses/6.4-GCCcore-12.3.0
 21) pybind11/2.12.0-GCC-13.3.0 => pybind11/2.11.1-GCCcore-12.3.0
 22) virtualenv/20.26.2-GCCcore-13.3.0 => virtualenv/20.23.1-GCCcore-12.3.0
 23) zlib/1.3.1-GCCcore-13.3.0 => zlib/1.2.13-GCCcore-12.3.0


Iteration: 1516

(2) Counterexample: (-) He was born between 1951 and 1970 in Oceania and is a nurse.

New Hypothesis H: ['~(v11 & v17 & v3 & v9)']

New Hypothesis Q: []

New Hypothesis length: 1 + background: 36

total positive counterexamples:  0
total negative counterexamples:  1 (4)
total non-horn counterexamples:  0





Iteration: 1515

(1) Counterexample: (-) She was born between 1875 and 1925 in South America and is a an unknown occupation.

New Hypothesis H: ['~(v1 & v10 & v16)', '~(v11 & v17 & v3 & v9)']

New Hypothesis Q: []

New Hypothesis length: 2 + background: 36

total positive counterexamples:  0
total negative counterexamples:  2 (7)
total non-horn counterexamples:  0





Iteration: 1514

(1) Counterexample: (-) She was born before 1875 in Oceania and is a singer.

New Hypothesis H: ['~(v11 & v17 & v3 & v9)', '~v16']

New Hypothesis Q: []

New Hypothesis length: 2 + background: 36

total positive counterexamples:  0
total negative counterexamples:  2 (5)
total non-horn counterexamples:  0





Iteration: 1513

(1) Counterexample: (-) He was born between 1951 and 1970 in Europe and is a nurse.

New Hypothesis H: ['~(v11 & v17 & v3)', '~v16']

New Hypothesis Q: []

New Hypothesis length: 2 + background: 36

total positive counterexamples:  0
total negative counterexamples:  2 (4)
total non-horn counterexamples:  0





Iteration: 1512

(2) Counterexample: (+) She was born an unknown time period in North America and is a nurse.

New Hypothesis H: ['Implies(v16, v11 & v16 & v8)', '~(v11 & v17 & v3)']

New Hypothesis Q: []

New Hypothesis length: 2 + background: 36

total positive counterexamples:  1
total negative counterexamples:  2 (4)
total non-horn counterexamples:  0





Iteration: 1511

(10) Counterexample: (-) He was born after 1970 in Oceania and is a nurse.

New Hypothesis H: ['Implies(v16, v11 & v16 & v8)', '~(v11 & v17)']

New Hypothesis Q: []

New Hypothesis length: 2 + background: 36

total positive counterexamples:  1
total negative counterexamples:  2 (3)
total non-horn counterexamples:  0





Iteration: 1510

(9) Counterexample: (-) He was born an unknown time period in North America and is a singer.

New Hypothesis H: ['Implies(v16, v11 & v16 & v8)', '~(v11 & v17)', '~(v15 & v17 & v8)']

New Hypothesis Q: []

New Hypothesis length: 3 + background: 36

total positive counterexamples:  1
total negative counterexamples:  3 (6)
total non-horn counterexamples:  0





Iteration: 1509

(28) Counterexample: (+) She was born between 1925 and 1951 in South America and is a nurse.

New Hypothesis H: ['Implies(v16, v11 & v16)', '~(v11 & v17)', '~(v15 & v17 & v8)']

New Hypothesis Q: []

New Hypothesis length: 3 + background: 36

total positive counterexamples:  2
total negative counterexamples:  3 (6)
total non-horn counterexamples:  0





Iteration: 1508

(18) Counterexample: (-) He was born an unknown time period in Oceania and is a singer.

New Hypothesis H: ['Implies(v16, v11 & v16)', '~(v11 & v17)', '~(v15 & v17 & v8)', '~(v15 & v17 & v9)']

New Hypothesis Q: []

New Hypothesis length: 4 + background: 36

total positive counterexamples:  2
total negative counterexamples:  4 (9)
total non-horn counterexamples:  0





Iteration: 1507

(22) Counterexample: (+) He was born between 1925 and 1951 in North America and is a singer.

New Hypothesis H: ['Implies(v15 & v17 & v8, v15 & v17 & v2 & v8)', 'Implies(v16, v11 & v16)', '~(v11 & v17)', '~(v15 & v17 & v9)']

New Hypothesis Q: []

New Hypothesis length: 4 + background: 36

total positive counterexamples:  3
total negative counterexamples:  4 (9)
total non-horn counterexamples:  0





Iteration: 1506

(52) Counterexample: (+) She was born an unknown time period in North America and is a singer.

New Hypothesis H: ['Implies(v15 & v17 & v8, v15 & v17 & v2 & v8)', '~(v11 & v17)', '~(v15 & v17 & v9)']

New Hypothesis Q: [Implies(v16, v0 | v1 | v10 | v11 | v12 | v13 | v14 | v15 | v17 | v2 | v3 | v4 | v5 | v6 | v7 | v8 | v9)]

New Hypothesis length: 4 + background: 36

total positive counterexamples:  4
total negative counterexamples:  3 (8)
total non-horn counterexamples:  1





Iteration: 1505

(2) Counterexample: (-) She was born between 1925 and 1951 in North America and is a priest.

New Hypothesis H: ['Implies(v15 & v17 & v8, v15 & v17 & v2 & v8)', '~(v11 & v17)', '~(v14 & v16 & v2 & v8)', '~(v15 & v17 & v9)']

New Hypothesis Q: [Implies(v16, v0 | v1 | v10 | v11 | v12 | v13 | v14 | v15 | v17 | v2 | v3 | v4 | v5 | v6 | v7 | v8 | v9)]

New Hypothesis length: 5 + background: 36

total positive counterexamples:  4
total negative counterexamples:  4 (12)
total non-horn counterexamples:  1





Iteration: 1504

(6) Counterexample: (-) She was born between 1875 and 1925 in Asia and is a priest.

New Hypothesis H: ['Implies(v15 & v17 & v8, v15 & v17 & v2 & v8)', '~(v11 & v17)', '~(v14 & v16)', '~(v15 & v17 & v9)']

New Hypothesis Q: [Implies(v16, v0 | v1 | v10 | v11 | v12 | v13 | v14 | v15 | v17 | v2 | v3 | v4 | v5 | v6 | v7 | v8 | v9)]

New Hypothesis length: 5 + background: 36

total positive counterexamples:  4
total negative counterexamples:  4 (10)
total non-horn counterexamples:  1





Iteration: 1503

(1) Counterexample: (-) She was born before 1875 in North America and is a lawyer.

New Hypothesis H: ['Implies(v15 & v17 & v8, v15 & v17 & v2 & v8)', '~(v0 & v13 & v16 & v8)', '~(v11 & v17)', '~(v14 & v16)', '~(v15 & v17 & v9)']

New Hypothesis Q: [Implies(v16, v0 | v1 | v10 | v11 | v12 | v13 | v14 | v15 | v17 | v2 | v3 | v4 | v5 | v6 | v7 | v8 | v9)]

New Hypothesis length: 6 + background: 36

total positive counterexamples:  4
total negative counterexamples:  5 (14)
total non-horn counterexamples:  1





Iteration: 1502

(1) Counterexample: (-) She was born after 1970 in South America and is a an unknown occupation.

New Hypothesis H: ['Implies(v15 & v17 & v8, v15 & v17 & v2 & v8)', '~(v0 & v13 & v16 & v8)', '~(v10 & v16 & v4)', '~(v11 & v17)', '~(v14 & v16)', '~(v15 & v17 & v9)']

New Hypothesis Q: [Implies(v16, v0 | v1 | v10 | v11 | v12 | v13 | v14 | v15 | v17 | v2 | v3 | v4 | v5 | v6 | v7 | v8 | v9)]

New Hypothesis length: 7 + background: 36

total positive counterexamples:  4
total negative counterexamples:  6 (17)
total non-horn counterexamples:  1





Iteration: 1501

(2) Counterexample: (-) She was born between 1951 and 1970 in Africa and is a an unknown occupation.

New Hypothesis H: ['Implies(v15 & v17 & v8, v15 & v17 & v2 & v8)', '~(v0 & v13 & v16 & v8)', '~(v10 & v16 & v4)', '~(v11 & v17)', '~(v14 & v16)', '~(v15 & v17 & v9)', '~(v16 & v3 & v5)']

New Hypothesis Q: [Implies(v16, v0 | v1 | v10 | v11 | v12 | v13 | v14 | v15 | v17 | v2 | v3 | v4 | v5 | v6 | v7 | v8 | v9)]

New Hypothesis length: 8 + background: 36

total positive counterexamples:  4
total negative counterexamples:  7 (20)
total non-horn counterexamples:  1





Iteration: 1500

(1) Counterexample: (-) She was born after 1970 in an unknown place and is a lawyer.

New Hypothesis H: ['Implies(v15 & v17 & v8, v15 & v17 & v2 & v8)', '~(v10 & v16 & v4)', '~(v11 & v17)', '~(v13 & v16)', '~(v14 & v16)', '~(v15 & v17 & v9)', '~(v16 & v3 & v5)']

New Hypothesis Q: [Implies(v16, v0 | v1 | v10 | v11 | v12 | v13 | v14 | v15 | v17 | v2 | v3 | v4 | v5 | v6 | v7 | v8 | v9)]

New Hypothesis length: 8 + background: 36

total positive counterexamples:  4
total negative counterexamples:  7 (18)
total non-horn counterexamples:  1





Iteration: 1499

(3) Counterexample: (-) She was born between 1875 and 1925 in North America and is a singer.

New Hypothesis H: ['Implies(v15 & v17 & v8, v15 & v17 & v2 & v8)', '~(v1 & v15 & v16 & v8)', '~(v10 & v16 & v4)', '~(v11 & v17)', '~(v13 & v16)', '~(v14 & v16)', '~(v15 & v17 & v9)', '~(v16 & v3 & v5)']

New Hypothesis Q: [Implies(v16, v0 | v1 | v10 | v11 | v12 | v13 | v14 | v15 | v17 | v2 | v3 | v4 | v5 | v6 | v7 | v8 | v9)]

New Hypothesis length: 9 + background: 36

total positive counterexamples:  4
total negative counterexamples:  8 (22)
total non-horn counterexamples:  1





Iteration: 1498

(2) Counterexample: (-) She was born before 1875 in Europe and is a singer.

New Hypothesis H: ['Implies(v15 & v16, v15 & v16 & v8)', 'Implies(v15 & v17 & v8, v15 & v17 & v2 & v8)', '~(v10 & v16 & v4)', '~(v11 & v17)', '~(v13 & v16)', '~(v14 & v16)', '~(v15 & v17 & v9)', '~(v16 & v3 & v5)']

New Hypothesis Q: [Implies(v16, v0 | v1 | v10 | v11 | v12 | v13 | v14 | v15 | v17 | v2 | v3 | v4 | v5 | v6 | v7 | v8 | v9)]

New Hypothesis length: 9 + background: 36

total positive counterexamples:  4
total negative counterexamples:  8 (20)
total non-horn counterexamples:  1





Iteration: 1497

(3) Counterexample: (-) She was born between 1951 and 1970 in Asia and is a blacksmith.

New Hypothesis H: ['Implies(v15 & v16, v15 & v16 & v8)', 'Implies(v15 & v17 & v8, v15 & v17 & v2 & v8)', '~(v10 & v16 & v4)', '~(v11 & v17)', '~(v13 & v16)', '~(v14 & v16)', '~(v15 & v17 & v9)', '~(v16 & v3)']

New Hypothesis Q: [Implies(v16, v0 | v1 | v10 | v11 | v12 | v13 | v14 | v15 | v17 | v2 | v3 | v4 | v5 | v6 | v7 | v8 | v9)]

New Hypothesis length: 9 + background: 36

total positive counterexamples:  4
total negative counterexamples:  8 (19)
total non-horn counterexamples:  1





Iteration: 1496

(3) Counterexample: (-) She was born an unknown time period in Europe and is a blacksmith.

New Hypothesis H: ['Implies(v15 & v16, v15 & v16 & v8)', 'Implies(v15 & v17 & v8, v15 & v17 & v2 & v8)', '~(v10 & v16 & v4)', '~(v11 & v17)', '~(v12 & v16 & v7)', '~(v13 & v16)', '~(v14 & v16)', '~(v15 & v17 & v9)', '~(v16 & v3)']

New Hypothesis Q: [Implies(v16, v0 | v1 | v10 | v11 | v12 | v13 | v14 | v15 | v17 | v2 | v3 | v4 | v5 | v6 | v7 | v8 | v9)]

New Hypothesis length: 10 + background: 36

total positive counterexamples:  4
total negative counterexamples:  9 (22)
total non-horn counterexamples:  1





Iteration: 1495

(2) Counterexample: (-) She was born between 1875 and 1925 in South America and is a an unknown occupation.

New Hypothesis H: ['Implies(v10 & v16, v10 & v11 & v16 & v2)', 'Implies(v15 & v16, v15 & v16 & v8)', 'Implies(v15 & v17 & v8, v15 & v17 & v2 & v8)', '~(v11 & v17)', '~(v12 & v16 & v7)', '~(v13 & v16)', '~(v14 & v16)', '~(v15 & v17 & v9)', '~(v16 & v3)']

New Hypothesis Q: [Implies(v16, v0 | v1 | v10 | v11 | v12 | v13 | v14 | v15 | v17 | v2 | v3 | v4 | v5 | v6 | v7 | v8 | v9)]

New Hypothesis length: 10 + background: 36

total positive counterexamples:  4
total negative counterexamples:  9 (21)
total non-horn counterexamples:  1





Iteration: 1494

(1) Counterexample: (-) She was born an unknown time period in Asia and is a an unknown occupation.

New Hypothesis H: ['Implies(v10 & v16, v10 & v11 & v16 & v2)', 'Implies(v15 & v16, v15 & v16 & v8)', 'Implies(v15 & v17 & v8, v15 & v17 & v2 & v8)', '~(v11 & v17)', '~(v12 & v16 & v7)', '~(v13 & v16)', '~(v14 & v16)', '~(v15 & v17 & v9)', '~(v16 & v3)', '~(v16 & v6)']

New Hypothesis Q: [Implies(v16, v0 | v1 | v10 | v11 | v12 | v13 | v14 | v15 | v17 | v2 | v3 | v4 | v5 | v6 | v7 | v8 | v9)]

New Hypothesis length: 11 + background: 36

total positive counterexamples:  4
total negative counterexamples:  10 (23)
total non-horn counterexamples:  1





Iteration: 1493

(8) Counterexample: (-) She was born after 1970 in Oceania and is a an unknown occupation.

New Hypothesis H: ['Implies(v10 & v16, v10 & v11 & v16 & v2)', 'Implies(v15 & v16, v15 & v16 & v8)', 'Implies(v15 & v17 & v8, v15 & v17 & v2 & v8)', '~(v11 & v17)', '~(v12 & v16 & v7)', '~(v13 & v16)', '~(v14 & v16)', '~(v15 & v17 & v9)', '~(v16 & v3)', '~(v16 & v4 & v9)', '~(v16 & v6)']

New Hypothesis Q: [Implies(v16, v0 | v1 | v10 | v11 | v12 | v13 | v14 | v15 | v17 | v2 | v3 | v4 | v5 | v6 | v7 | v8 | v9)]

New Hypothesis length: 12 + background: 36

total positive counterexamples:  4
total negative counterexamples:  11 (26)
total non-horn counterexamples:  1





Iteration: 1492

(4) Counterexample: (-) She was born between 1875 and 1925 in Africa and is a blacksmith.

New Hypothesis H: ['Implies(v10 & v16, v10 & v11 & v16 & v2)', 'Implies(v15 & v16, v15 & v16 & v8)', 'Implies(v15 & v17 & v8, v15 & v17 & v2 & v8)', '~(v11 & v17)', '~(v12 & v16)', '~(v13 & v16)', '~(v14 & v16)', '~(v15 & v17 & v9)', '~(v16 & v3)', '~(v16 & v4 & v9)', '~(v16 & v6)']

New Hypothesis Q: [Implies(v16, v0 | v1 | v10 | v11 | v12 | v13 | v14 | v15 | v17 | v2 | v3 | v4 | v5 | v6 | v7 | v8 | v9)]

New Hypothesis length: 12 + background: 36

total positive counterexamples:  4
total negative counterexamples:  11 (25)
total non-horn counterexamples:  1





Iteration: 1491

(4) Counterexample: (+) She was born between 1951 and 1970 in an unknown place and is a nurse.

New Hypothesis H: ['Implies(v10 & v16, v10 & v11 & v16 & v2)', 'Implies(v15 & v16, v15 & v16 & v8)', 'Implies(v15 & v17 & v8, v15 & v17 & v2 & v8)', 'Implies(v16 & v3, v11 & v16 & v3)', '~(v11 & v17)', '~(v12 & v16)', '~(v13 & v16)', '~(v14 & v16)', '~(v15 & v17 & v9)', '~(v16 & v4 & v9)', '~(v16 & v6)']

New Hypothesis Q: [Implies(v16, v0 | v1 | v10 | v11 | v12 | v13 | v14 | v15 | v17 | v2 | v3 | v4 | v5 | v6 | v7 | v8 | v9)]

New Hypothesis length: 12 + background: 36

total positive counterexamples:  5
total negative counterexamples:  11 (25)
total non-horn counterexamples:  1





Iteration: 1490

(8) Counterexample: (+) She was born between 1951 and 1970 in South America and is a nurse.

New Hypothesis H: ['Implies(v10 & v16, v10 & v11 & v16)', 'Implies(v15 & v16, v15 & v16 & v8)', 'Implies(v15 & v17 & v8, v15 & v17 & v2 & v8)', 'Implies(v16 & v3, v11 & v16 & v3)', '~(v11 & v17)', '~(v12 & v16)', '~(v13 & v16)', '~(v14 & v16)', '~(v15 & v17 & v9)', '~(v16 & v4 & v9)', '~(v16 & v6)']

New Hypothesis Q: [Implies(v16, v0 | v1 | v10 | v11 | v12 | v13 | v14 | v15 | v17 | v2 | v3 | v4 | v5 | v6 | v7 | v8 | v9)]

New Hypothesis length: 12 + background: 36

total positive counterexamples:  6
total negative counterexamples:  11 (25)
total non-horn counterexamples:  1





Iteration: 1489

(2) Counterexample: (+) She was born an unknown time period in Africa and is a singer.

New Hypothesis H: ['Implies(v10 & v16, v10 & v11 & v16)', 'Implies(v15 & v17 & v8, v15 & v17 & v2 & v8)', 'Implies(v16 & v3, v11 & v16 & v3)', '~(v11 & v17)', '~(v12 & v16)', '~(v13 & v16)', '~(v14 & v16)', '~(v15 & v17 & v9)', '~(v16 & v4 & v9)', '~(v16 & v6)']

New Hypothesis Q: [Implies(v16, v0 | v1 | v10 | v11 | v12 | v13 | v14 | v15 | v17 | v2 | v3 | v4 | v5 | v6 | v7 | v8 | v9), Implies(v15 & v16, v0 | v1 | v10 | v11 | v12 | v13 | v14 | v17 | v2 | v3 | v4 | v5 | v6 | v7 | v8 | v9)]

New Hypothesis length: 12 + background: 36

total positive counterexamples:  7
total negative counterexamples:  10 (23)
total non-horn counterexamples:  2





Iteration: 1488

(4) Counterexample: (-) She was born before 1875 in Oceania and is a an unknown occupation.

New Hypothesis H: ['Implies(v10 & v16, v10 & v11 & v16)', 'Implies(v15 & v17 & v8, v15 & v17 & v2 & v8)', 'Implies(v16 & v3, v11 & v16 & v3)', '~(v11 & v17)', '~(v12 & v16)', '~(v13 & v16)', '~(v14 & v16)', '~(v15 & v17 & v9)', '~(v16 & v6)', '~(v16 & v9)']

New Hypothesis Q: [Implies(v16, v0 | v1 | v10 | v11 | v12 | v13 | v14 | v15 | v17 | v2 | v3 | v4 | v5 | v6 | v7 | v8 | v9), Implies(v15 & v16, v0 | v1 | v10 | v11 | v12 | v13 | v14 | v17 | v2 | v3 | v4 | v5 | v6 | v7 | v8 | v9)]

New Hypothesis length: 12 + background: 36

total positive counterexamples:  7
total negative counterexamples:  10 (22)
total non-horn counterexamples:  2





Iteration: 1487

(16) Counterexample: (-) She was born between 1875 and 1925 in an unknown place and is a singer.

New Hypothesis H: ['Implies(v10 & v16, v10 & v11 & v16)', 'Implies(v15 & v17 & v8, v15 & v17 & v2 & v8)', 'Implies(v16 & v3, v11 & v16 & v3)', '~(v1 & v15 & v16)', '~(v11 & v17)', '~(v12 & v16)', '~(v13 & v16)', '~(v14 & v16)', '~(v15 & v17 & v9)', '~(v16 & v6)', '~(v16 & v9)']

New Hypothesis Q: [Implies(v16, v0 | v1 | v10 | v11 | v12 | v13 | v14 | v15 | v17 | v2 | v3 | v4 | v5 | v6 | v7 | v8 | v9), Implies(v15 & v16, v0 | v1 | v10 | v11 | v12 | v13 | v14 | v17 | v2 | v3 | v4 | v5 | v6 | v7 | v8 | v9)]

New Hypothesis length: 13 + background: 36

total positive counterexamples:  7
total negative counterexamples:  11 (25)
total non-horn counterexamples:  2





Iteration: 1486

(39) Counterexample: (-) She was born between 1925 and 1951 in Europe and is a an unknown occupation.

New Hypothesis H: ['Implies(v10 & v16, v10 & v11 & v16)', 'Implies(v15 & v17 & v8, v15 & v17 & v2 & v8)', 'Implies(v16 & v3, v11 & v16 & v3)', '~(v1 & v15 & v16)', '~(v11 & v17)', '~(v12 & v16)', '~(v13 & v16)', '~(v14 & v16)', '~(v15 & v17 & v9)', '~(v16 & v2 & v7)', '~(v16 & v6)', '~(v16 & v9)']

New Hypothesis Q: [Implies(v16, v0 | v1 | v10 | v11 | v12 | v13 | v14 | v15 | v17 | v2 | v3 | v4 | v5 | v6 | v7 | v8 | v9), Implies(v15 & v16, v0 | v1 | v10 | v11 | v12 | v13 | v14 | v17 | v2 | v3 | v4 | v5 | v6 | v7 | v8 | v9)]

New Hypothesis length: 14 + background: 36

total positive counterexamples:  7
total negative counterexamples:  12 (28)
total non-horn counterexamples:  2





Iteration: 1485

(4) Counterexample: (+) She was born between 1925 and 1951 in Europe and is a nurse.

New Hypothesis H: ['Implies(v10 & v16, v10 & v11 & v16)', 'Implies(v15 & v17 & v8, v15 & v17 & v2 & v8)', 'Implies(v16 & v2 & v7, v11 & v16 & v2 & v7)', 'Implies(v16 & v3, v11 & v16 & v3)', '~(v1 & v15 & v16)', '~(v11 & v17)', '~(v12 & v16)', '~(v13 & v16)', '~(v14 & v16)', '~(v15 & v17 & v9)', '~(v16 & v6)', '~(v16 & v9)']

New Hypothesis Q: [Implies(v16, v0 | v1 | v10 | v11 | v12 | v13 | v14 | v15 | v17 | v2 | v3 | v4 | v5 | v6 | v7 | v8 | v9), Implies(v15 & v16, v0 | v1 | v10 | v11 | v12 | v13 | v14 | v17 | v2 | v3 | v4 | v5 | v6 | v7 | v8 | v9)]

New Hypothesis length: 14 + background: 36

total positive counterexamples:  8
total negative counterexamples:  12 (28)
total non-horn counterexamples:  2





Iteration: 1484

(6) Counterexample: (+) She was born before 1875 in Oceania and is a nurse.

New Hypothesis H: ['Implies(v10 & v16, v10 & v11 & v16)', 'Implies(v15 & v17 & v8, v15 & v17 & v2 & v8)', 'Implies(v16 & v2 & v7, v11 & v16 & v2 & v7)', 'Implies(v16 & v3, v11 & v16 & v3)', 'Implies(v16 & v9, v0 & v11 & v16 & v9)', '~(v1 & v15 & v16)', '~(v11 & v17)', '~(v12 & v16)', '~(v13 & v16)', '~(v14 & v16)', '~(v15 & v17 & v9)', '~(v16 & v6)']

New Hypothesis Q: [Implies(v16, v0 | v1 | v10 | v11 | v12 | v13 | v14 | v15 | v17 | v2 | v3 | v4 | v5 | v6 | v7 | v8 | v9), Implies(v15 & v16, v0 | v1 | v10 | v11 | v12 | v13 | v14 | v17 | v2 | v3 | v4 | v5 | v6 | v7 | v8 | v9)]

New Hypothesis length: 14 + background: 36

total positive counterexamples:  9
total negative counterexamples:  12 (28)
total non-horn counterexamples:  2





Iteration: 1483

(3) Counterexample: (-) He was born an unknown time period in South America and is a singer.

New Hypothesis H: ['Implies(v10 & v16, v10 & v11 & v16)', 'Implies(v15 & v17 & v8, v15 & v17 & v2 & v8)', 'Implies(v16 & v2 & v7, v11 & v16 & v2 & v7)', 'Implies(v16 & v3, v11 & v16 & v3)', 'Implies(v16 & v9, v0 & v11 & v16 & v9)', '~(v1 & v15 & v16)', '~(v10 & v15 & v17)', '~(v11 & v17)', '~(v12 & v16)', '~(v13 & v16)', '~(v14 & v16)', '~(v15 & v17 & v9)', '~(v16 & v6)']

New Hypothesis Q: [Implies(v16, v0 | v1 | v10 | v11 | v12 | v13 | v14 | v15 | v17 | v2 | v3 | v4 | v5 | v6 | v7 | v8 | v9), Implies(v15 & v16, v0 | v1 | v10 | v11 | v12 | v13 | v14 | v17 | v2 | v3 | v4 | v5 | v6 | v7 | v8 | v9)]

New Hypothesis length: 15 + background: 36

total positive counterexamples:  9
total negative counterexamples:  13 (31)
total non-horn counterexamples:  2





Iteration: 1482

(4) Counterexample: (-) She was born after 1970 in North America and is a singer.

New Hypothesis H: ['Implies(v10 & v16, v10 & v11 & v16)', 'Implies(v15 & v17 & v8, v15 & v17 & v2 & v8)', 'Implies(v16 & v2 & v7, v11 & v16 & v2 & v7)', 'Implies(v16 & v3, v11 & v16 & v3)', 'Implies(v16 & v9, v0 & v11 & v16 & v9)', '~(v1 & v15 & v16)', '~(v10 & v15 & v17)', '~(v11 & v17)', '~(v12 & v16)', '~(v13 & v16)', '~(v14 & v16)', '~(v15 & v16 & v4 & v8)', '~(v15 & v17 & v9)', '~(v16 & v6)']

New Hypothesis Q: [Implies(v16, v0 | v1 | v10 | v11 | v12 | v13 | v14 | v15 | v17 | v2 | v3 | v4 | v5 | v6 | v7 | v8 | v9), Implies(v15 & v16, v0 | v1 | v10 | v11 | v12 | v13 | v14 | v17 | v2 | v3 | v4 | v5 | v6 | v7 | v8 | v9)]

New Hypothesis length: 16 + background: 36

total positive counterexamples:  9
total negative counterexamples:  14 (35)
total non-horn counterexamples:  2





Iteration: 1481

(9) Counterexample: (+) She was born between 1951 and 1970 in Asia and is a nurse.

New Hypothesis H: ['Implies(v10 & v16, v10 & v11 & v16)', 'Implies(v15 & v17 & v8, v15 & v17 & v2 & v8)', 'Implies(v16 & v2 & v7, v11 & v16 & v2 & v7)', 'Implies(v16 & v3, v11 & v16 & v3)', 'Implies(v16 & v6, v11 & v16 & v3 & v6)', 'Implies(v16 & v9, v0 & v11 & v16 & v9)', '~(v1 & v15 & v16)', '~(v10 & v15 & v17)', '~(v11 & v17)', '~(v12 & v16)', '~(v13 & v16)', '~(v14 & v16)', '~(v15 & v16 & v4 & v8)', '~(v15 & v17 & v9)']

New Hypothesis Q: [Implies(v16, v0 | v1 | v10 | v11 | v12 | v13 | v14 | v15 | v17 | v2 | v3 | v4 | v5 | v6 | v7 | v8 | v9), Implies(v15 & v16, v0 | v1 | v10 | v11 | v12 | v13 | v14 | v17 | v2 | v3 | v4 | v5 | v6 | v7 | v8 | v9)]

New Hypothesis length: 16 + background: 36

total positive counterexamples:  10
total negative counterexamples:  14 (35)
total non-horn counterexamples:  2





Iteration: 1480

(2) Counterexample: (-) She was born between 1925 and 1951 in North America and is a singer.

New Hypothesis H: ['Implies(v10 & v16, v10 & v11 & v16)', 'Implies(v15 & v17 & v8, v15 & v17 & v2 & v8)', 'Implies(v16 & v2, v11 & v16 & v2)', 'Implies(v16 & v3, v11 & v16 & v3)', 'Implies(v16 & v6, v11 & v16 & v3 & v6)', 'Implies(v16 & v9, v0 & v11 & v16 & v9)', '~(v1 & v15 & v16)', '~(v10 & v15 & v17)', '~(v11 & v17)', '~(v12 & v16)', '~(v13 & v16)', '~(v14 & v16)', '~(v15 & v16 & v4 & v8)', '~(v15 & v17 & v9)']

New Hypothesis Q: [Implies(v16, v0 | v1 | v10 | v11 | v12 | v13 | v14 | v15 | v17 | v2 | v3 | v4 | v5 | v6 | v7 | v8 | v9), Implies(v15 & v16, v0 | v1 | v10 | v11 | v12 | v13 | v14 | v17 | v2 | v3 | v4 | v5 | v6 | v7 | v8 | v9)]

New Hypothesis length: 16 + background: 36

total positive counterexamples:  10
total negative counterexamples:  14 (34)
total non-horn counterexamples:  2





Iteration: 1479

(19) Counterexample: (-) She was born after 1970 in Africa and is a singer.

New Hypothesis H: ['Implies(v10 & v16, v10 & v11 & v16)', 'Implies(v15 & v17 & v8, v15 & v17 & v2 & v8)', 'Implies(v16 & v2, v11 & v16 & v2)', 'Implies(v16 & v3, v11 & v16 & v3)', 'Implies(v16 & v6, v11 & v16 & v3 & v6)', 'Implies(v16 & v9, v0 & v11 & v16 & v9)', '~(v1 & v15 & v16)', '~(v10 & v15 & v17)', '~(v11 & v17)', '~(v12 & v16)', '~(v13 & v16)', '~(v14 & v16)', '~(v15 & v16 & v4)', '~(v15 & v17 & v9)']

New Hypothesis Q: [Implies(v16, v0 | v1 | v10 | v11 | v12 | v13 | v14 | v15 | v17 | v2 | v3 | v4 | v5 | v6 | v7 | v8 | v9), Implies(v15 & v16, v0 | v1 | v10 | v11 | v12 | v13 | v14 | v17 | v2 | v3 | v4 | v5 | v6 | v7 | v8 | v9)]

New Hypothesis length: 16 + background: 36

total positive counterexamples:  10
total negative counterexamples:  14 (33)
total non-horn counterexamples:  2





Iteration: 1478

(18) Counterexample: (-) She was born after 1970 in an unknown place and is a an unknown occupation.

New Hypothesis H: ['Implies(v10 & v16, v10 & v11 & v16)', 'Implies(v15 & v17 & v8, v15 & v17 & v2 & v8)', 'Implies(v16 & v2, v11 & v16 & v2)', 'Implies(v16 & v3, v11 & v16 & v3)', 'Implies(v16 & v6, v11 & v16 & v3 & v6)', 'Implies(v16 & v9, v0 & v11 & v16 & v9)', '~(v1 & v15 & v16)', '~(v10 & v15 & v17)', '~(v11 & v17)', '~(v12 & v16)', '~(v13 & v16)', '~(v14 & v16)', '~(v15 & v17 & v9)', '~(v16 & v4)']

New Hypothesis Q: [Implies(v16, v0 | v1 | v10 | v11 | v12 | v13 | v14 | v15 | v17 | v2 | v3 | v4 | v5 | v6 | v7 | v8 | v9), Implies(v15 & v16, v0 | v1 | v10 | v11 | v12 | v13 | v14 | v17 | v2 | v3 | v4 | v5 | v6 | v7 | v8 | v9)]

New Hypothesis length: 16 + background: 36

total positive counterexamples:  10
total negative counterexamples:  14 (32)
total non-horn counterexamples:  2





Iteration: 1477

(1) Counterexample: (+) He was born between 1951 and 1970 in South America and is a singer.

New Hypothesis H: ['Implies(v10 & v15 & v17, v10 & v15 & v17 & v3)', 'Implies(v10 & v16, v10 & v11 & v16)', 'Implies(v15 & v17 & v8, v15 & v17 & v2 & v8)', 'Implies(v16 & v2, v11 & v16 & v2)', 'Implies(v16 & v3, v11 & v16 & v3)', 'Implies(v16 & v6, v11 & v16 & v3 & v6)', 'Implies(v16 & v9, v0 & v11 & v16 & v9)', '~(v1 & v15 & v16)', '~(v11 & v17)', '~(v12 & v16)', '~(v13 & v16)', '~(v14 & v16)', '~(v15 & v17 & v9)', '~(v16 & v4)']

New Hypothesis Q: [Implies(v16, v0 | v1 | v10 | v11 | v12 | v13 | v14 | v15 | v17 | v2 | v3 | v4 | v5 | v6 | v7 | v8 | v9), Implies(v15 & v16, v0 | v1 | v10 | v11 | v12 | v13 | v14 | v17 | v2 | v3 | v4 | v5 | v6 | v7 | v8 | v9)]

New Hypothesis length: 16 + background: 36

total positive counterexamples:  11
total negative counterexamples:  14 (32)
total non-horn counterexamples:  2





Iteration: 1476

(24) Counterexample: (+) She was born between 1925 and 1951 in Asia and is a nurse.

New Hypothesis H: ['Implies(v10 & v15 & v17, v10 & v15 & v17 & v3)', 'Implies(v10 & v16, v10 & v11 & v16)', 'Implies(v15 & v17 & v8, v15 & v17 & v2 & v8)', 'Implies(v16 & v2, v11 & v16 & v2)', 'Implies(v16 & v3, v11 & v16 & v3)', 'Implies(v16 & v6, v11 & v16 & v6)', 'Implies(v16 & v9, v0 & v11 & v16 & v9)', '~(v1 & v15 & v16)', '~(v11 & v17)', '~(v12 & v16)', '~(v13 & v16)', '~(v14 & v16)', '~(v15 & v17 & v9)', '~(v16 & v4)']

New Hypothesis Q: [Implies(v16, v0 | v1 | v10 | v11 | v12 | v13 | v14 | v15 | v17 | v2 | v3 | v4 | v5 | v6 | v7 | v8 | v9), Implies(v15 & v16, v0 | v1 | v10 | v11 | v12 | v13 | v14 | v17 | v2 | v3 | v4 | v5 | v6 | v7 | v8 | v9)]

New Hypothesis length: 16 + background: 36

total positive counterexamples:  12
total negative counterexamples:  14 (32)
total non-horn counterexamples:  2





Iteration: 1475

(8) Counterexample: (+) She was born an unknown time period in Oceania and is a singer.

New Hypothesis H: ['Implies(v10 & v15 & v17, v10 & v15 & v17 & v3)', 'Implies(v10 & v16, v10 & v11 & v16)', 'Implies(v15 & v17 & v8, v15 & v17 & v2 & v8)', 'Implies(v16 & v2, v11 & v16 & v2)', 'Implies(v16 & v3, v11 & v16 & v3)', 'Implies(v16 & v6, v11 & v16 & v6)', '~(v1 & v15 & v16)', '~(v11 & v17)', '~(v12 & v16)', '~(v13 & v16)', '~(v14 & v16)', '~(v15 & v17 & v9)', '~(v16 & v4)']

New Hypothesis Q: [Implies(v16, v0 | v1 | v10 | v11 | v12 | v13 | v14 | v15 | v17 | v2 | v3 | v4 | v5 | v6 | v7 | v8 | v9), Implies(v16 & v9, v0 | v1 | v10 | v11 | v12 | v13 | v14 | v15 | v17 | v2 | v3 | v4 | v5 | v6 | v7 | v8), Implies(v15 & v16, v0 | v1 | v10 | v11 | v12 | v13 | v14 | v17 | v2 | v3 | v4 | v5 | v6 | v7 | v8 | v9)]

New Hypothesis length: 16 + background: 36

total positive counterexamples:  13
total negative counterexamples:  13 (30)
total non-horn counterexamples:  3





Iteration: 1474

(6) Counterexample: (+) He was born after 1970 in Oceania and is a singer.

New Hypothesis H: ['Implies(v10 & v15 & v17, v10 & v15 & v17 & v3)', 'Implies(v10 & v16, v10 & v11 & v16)', 'Implies(v15 & v17 & v8, v15 & v17 & v2 & v8)', 'Implies(v15 & v17 & v9, v15 & v17 & v4 & v9)', 'Implies(v16 & v2, v11 & v16 & v2)', 'Implies(v16 & v3, v11 & v16 & v3)', 'Implies(v16 & v6, v11 & v16 & v6)', '~(v1 & v15 & v16)', '~(v11 & v17)', '~(v12 & v16)', '~(v13 & v16)', '~(v14 & v16)', '~(v16 & v4)']

New Hypothesis Q: [Implies(v16, v0 | v1 | v10 | v11 | v12 | v13 | v14 | v15 | v17 | v2 | v3 | v4 | v5 | v6 | v7 | v8 | v9), Implies(v16 & v9, v0 | v1 | v10 | v11 | v12 | v13 | v14 | v15 | v17 | v2 | v3 | v4 | v5 | v6 | v7 | v8), Implies(v15 & v16, v0 | v1 | v10 | v11 | v12 | v13 | v14 | v17 | v2 | v3 | v4 | v5 | v6 | v7 | v8 | v9)]

New Hypothesis length: 16 + background: 36

total positive counterexamples:  14
total negative counterexamples:  13 (30)
total non-horn counterexamples:  3





Iteration: 1473

(2) Counterexample: (+) He was born before 1875 in Oceania and is a singer.

New Hypothesis H: ['Implies(v10 & v15 & v17, v10 & v15 & v17 & v3)', 'Implies(v10 & v16, v10 & v11 & v16)', 'Implies(v15 & v17 & v8, v15 & v17 & v2 & v8)', 'Implies(v16 & v2, v11 & v16 & v2)', 'Implies(v16 & v3, v11 & v16 & v3)', 'Implies(v16 & v6, v11 & v16 & v6)', '~(v1 & v15 & v16)', '~(v11 & v17)', '~(v12 & v16)', '~(v13 & v16)', '~(v14 & v16)', '~(v16 & v4)']

New Hypothesis Q: [Implies(v16, v0 | v1 | v10 | v11 | v12 | v13 | v14 | v15 | v17 | v2 | v3 | v4 | v5 | v6 | v7 | v8 | v9), Implies(v16 & v9, v0 | v1 | v10 | v11 | v12 | v13 | v14 | v15 | v17 | v2 | v3 | v4 | v5 | v6 | v7 | v8), Implies(v15 & v17 & v9, v0 | v1 | v10 | v11 | v12 | v13 | v14 | v16 | v2 | v3 | v4 | v5 | v6 | v7 | v8), Implies(v15 & v16, v0 | v1 | v10 | v11 | v12 | v13 | v14 | v17 | v2 | v3 | v4 | v5 | v6 | v7 | v8 | v9)]

New Hypothesis length: 16 + background: 36

total positive counterexamples:  15
total negative counterexamples:  12 (27)
total non-horn counterexamples:  4





Iteration: 1472

(9) Counterexample: (-) He was born an unknown time period in Asia and is a singer.

New Hypothesis H: ['Implies(v10 & v15 & v17, v10 & v15 & v17 & v3)', 'Implies(v10 & v16, v10 & v11 & v16)', 'Implies(v15 & v17 & v8, v15 & v17 & v2 & v8)', 'Implies(v16 & v2, v11 & v16 & v2)', 'Implies(v16 & v3, v11 & v16 & v3)', 'Implies(v16 & v6, v11 & v16 & v6)', '~(v1 & v15 & v16)', '~(v11 & v17)', '~(v12 & v16)', '~(v13 & v16)', '~(v14 & v16)', '~(v15 & v17 & v6)', '~(v16 & v4)']

New Hypothesis Q: [Implies(v16, v0 | v1 | v10 | v11 | v12 | v13 | v14 | v15 | v17 | v2 | v3 | v4 | v5 | v6 | v7 | v8 | v9), Implies(v16 & v9, v0 | v1 | v10 | v11 | v12 | v13 | v14 | v15 | v17 | v2 | v3 | v4 | v5 | v6 | v7 | v8), Implies(v15 & v17 & v9, v0 | v1 | v10 | v11 | v12 | v13 | v14 | v16 | v2 | v3 | v4 | v5 | v6 | v7 | v8), Implies(v15 & v16, v0 | v1 | v10 | v11 | v12 | v13 | v14 | v17 | v2 | v3 | v4 | v5 | v6 | v7 | v8 | v9)]

New Hypothesis length: 17 + background: 36

total positive counterexamples:  15
total negative counterexamples:  13 (30)
total non-horn counterexamples:  4





Iteration: 1471

(18) Counterexample: (-) She was born before 1875 in an unknown place and is a an unknown occupation.

New Hypothesis H: ['Implies(v0 & v16, v0 & v11 & v16 & v9)', 'Implies(v10 & v15 & v17, v10 & v15 & v17 & v3)', 'Implies(v10 & v16, v10 & v11 & v16)', 'Implies(v15 & v17 & v8, v15 & v17 & v2 & v8)', 'Implies(v16 & v2, v11 & v16 & v2)', 'Implies(v16 & v3, v11 & v16 & v3)', 'Implies(v16 & v6, v11 & v16 & v6)', '~(v1 & v15 & v16)', '~(v11 & v17)', '~(v12 & v16)', '~(v13 & v16)', '~(v14 & v16)', '~(v15 & v17 & v6)', '~(v16 & v4)']

New Hypothesis Q: [Implies(v16, v0 | v1 | v10 | v11 | v12 | v13 | v14 | v15 | v17 | v2 | v3 | v4 | v5 | v6 | v7 | v8 | v9), Implies(v16 & v9, v0 | v1 | v10 | v11 | v12 | v13 | v14 | v15 | v17 | v2 | v3 | v4 | v5 | v6 | v7 | v8), Implies(v15 & v17 & v9, v0 | v1 | v10 | v11 | v12 | v13 | v14 | v16 | v2 | v3 | v4 | v5 | v6 | v7 | v8), Implies(v15 & v16, v0 | v1 | v10 | v11 | v12 | v13 | v14 | v17 | v2 | v3 | v4 | v5 | v6 | v7 | v8 | v9)]

New Hypothesis length: 18 + background: 36

total positive counterexamples:  15
total negative counterexamples:  14 (32)
total non-horn counterexamples:  4





Iteration: 1470

(49) Counterexample: (-) She was born between 1875 and 1925 in an unknown place and is a an unknown occupation.

New Hypothesis H: ['Implies(v0 & v16, v0 & v11 & v16 & v9)', 'Implies(v10 & v15 & v17, v10 & v15 & v17 & v3)', 'Implies(v10 & v16, v10 & v11 & v16)', 'Implies(v15 & v17 & v8, v15 & v17 & v2 & v8)', 'Implies(v16 & v2, v11 & v16 & v2)', 'Implies(v16 & v3, v11 & v16 & v3)', 'Implies(v16 & v6, v11 & v16 & v6)', '~(v1 & v16)', '~(v11 & v17)', '~(v12 & v16)', '~(v13 & v16)', '~(v14 & v16)', '~(v15 & v17 & v6)', '~(v16 & v4)']

New Hypothesis Q: [Implies(v16, v0 | v1 | v10 | v11 | v12 | v13 | v14 | v15 | v17 | v2 | v3 | v4 | v5 | v6 | v7 | v8 | v9), Implies(v16 & v9, v0 | v1 | v10 | v11 | v12 | v13 | v14 | v15 | v17 | v2 | v3 | v4 | v5 | v6 | v7 | v8), Implies(v15 & v17 & v9, v0 | v1 | v10 | v11 | v12 | v13 | v14 | v16 | v2 | v3 | v4 | v5 | v6 | v7 | v8), Implies(v15 & v16, v0 | v1 | v10 | v11 | v12 | v13 | v14 | v17 | v2 | v3 | v4 | v5 | v6 | v7 | v8 | v9)]

New Hypothesis length: 18 + background: 36

total positive counterexamples:  15
total negative counterexamples:  14 (31)
total non-horn counterexamples:  4





Iteration: 1469

(3) Counterexample: (+) She was born an unknown time period in South America and is a singer.

New Hypothesis H: ['Implies(v0 & v16, v0 & v11 & v16 & v9)', 'Implies(v10 & v15 & v17, v10 & v15 & v17 & v3)', 'Implies(v15 & v17 & v8, v15 & v17 & v2 & v8)', 'Implies(v16 & v2, v11 & v16 & v2)', 'Implies(v16 & v3, v11 & v16 & v3)', 'Implies(v16 & v6, v11 & v16 & v6)', '~(v1 & v16)', '~(v11 & v17)', '~(v12 & v16)', '~(v13 & v16)', '~(v14 & v16)', '~(v15 & v17 & v6)', '~(v16 & v4)']

New Hypothesis Q: [Implies(v16, v0 | v1 | v10 | v11 | v12 | v13 | v14 | v15 | v17 | v2 | v3 | v4 | v5 | v6 | v7 | v8 | v9), Implies(v16 & v9, v0 | v1 | v10 | v11 | v12 | v13 | v14 | v15 | v17 | v2 | v3 | v4 | v5 | v6 | v7 | v8), Implies(v15 & v17 & v9, v0 | v1 | v10 | v11 | v12 | v13 | v14 | v16 | v2 | v3 | v4 | v5 | v6 | v7 | v8), Implies(v15 & v16, v0 | v1 | v10 | v11 | v12 | v13 | v14 | v17 | v2 | v3 | v4 | v5 | v6 | v7 | v8 | v9), Implies(v10 & v16, v0 | v1 | v11 | v12 | v13 | v14 | v15 | v17 | v2 | v3 | v4 | v5 | v6 | v7 | v8 | v9)]

New Hypothesis length: 18 + background: 36

total positive counterexamples:  16
total negative counterexamples:  13 (29)
total non-horn counterexamples:  5





Iteration: 1468

(6) Counterexample: (+) He was born between 1875 and 1925 in North America and is a singer.

New Hypothesis H: ['Implies(v0 & v16, v0 & v11 & v16 & v9)', 'Implies(v10 & v15 & v17, v10 & v15 & v17 & v3)', 'Implies(v16 & v2, v11 & v16 & v2)', 'Implies(v16 & v3, v11 & v16 & v3)', 'Implies(v16 & v6, v11 & v16 & v6)', '~(v1 & v16)', '~(v11 & v17)', '~(v12 & v16)', '~(v13 & v16)', '~(v14 & v16)', '~(v15 & v17 & v6)', '~(v16 & v4)']

New Hypothesis Q: [Implies(v15 & v17 & v8, v0 | v1 | v10 | v11 | v12 | v13 | v14 | v16 | v2 | v3 | v4 | v5 | v6 | v7 | v9), Implies(v16, v0 | v1 | v10 | v11 | v12 | v13 | v14 | v15 | v17 | v2 | v3 | v4 | v5 | v6 | v7 | v8 | v9), Implies(v16 & v9, v0 | v1 | v10 | v11 | v12 | v13 | v14 | v15 | v17 | v2 | v3 | v4 | v5 | v6 | v7 | v8), Implies(v15 & v17 & v9, v0 | v1 | v10 | v11 | v12 | v13 | v14 | v16 | v2 | v3 | v4 | v5 | v6 | v7 | v8), Implies(v15 & v16, v0 | v1 | v10 | v11 | v12 | v13 | v14 | v17 | v2 | v3 | v4 | v5 | v6 | v7 | v8 | v9), Implies(v10 & v16, v0 | v1 | v11 | v12 | v13 | v14 | v15 | v17 | v2 | v3 | v4 | v5 | v6 | v7 | v8 | v9)]

New Hypothesis length: 18 + background: 36

total positive counterexamples:  17
total negative counterexamples:  12 (26)
total non-horn counterexamples:  6





Iteration: 1467

(15) Counterexample: (+) She was born after 1970 in North America and is a nurse.

New Hypothesis H: ['Implies(v0 & v16, v0 & v11 & v16 & v9)', 'Implies(v10 & v15 & v17, v10 & v15 & v17 & v3)', 'Implies(v16 & v2, v11 & v16 & v2)', 'Implies(v16 & v3, v11 & v16 & v3)', 'Implies(v16 & v4, v11 & v16 & v4 & v8)', 'Implies(v16 & v6, v11 & v16 & v6)', '~(v1 & v16)', '~(v11 & v17)', '~(v12 & v16)', '~(v13 & v16)', '~(v14 & v16)', '~(v15 & v17 & v6)']

New Hypothesis Q: [Implies(v15 & v17 & v8, v0 | v1 | v10 | v11 | v12 | v13 | v14 | v16 | v2 | v3 | v4 | v5 | v6 | v7 | v9), Implies(v16, v0 | v1 | v10 | v11 | v12 | v13 | v14 | v15 | v17 | v2 | v3 | v4 | v5 | v6 | v7 | v8 | v9), Implies(v16 & v9, v0 | v1 | v10 | v11 | v12 | v13 | v14 | v15 | v17 | v2 | v3 | v4 | v5 | v6 | v7 | v8), Implies(v15 & v17 & v9, v0 | v1 | v10 | v11 | v12 | v13 | v14 | v16 | v2 | v3 | v4 | v5 | v6 | v7 | v8), Implies(v15 & v16, v0 | v1 | v10 | v11 | v12 | v13 | v14 | v17 | v2 | v3 | v4 | v5 | v6 | v7 | v8 | v9), Implies(v10 & v16, v0 | v1 | v11 | v12 | v13 | v14 | v15 | v17 | v2 | v3 | v4 | v5 | v6 | v7 | v8 | v9)]

New Hypothesis length: 18 + background: 36

total positive counterexamples:  18
total negative counterexamples:  12 (26)
total non-horn counterexamples:  6





Iteration: 1466

(6) Counterexample: (+) He was born after 1970 in South America and is a singer.

New Hypothesis H: ['Implies(v0 & v16, v0 & v11 & v16 & v9)', 'Implies(v16 & v2, v11 & v16 & v2)', 'Implies(v16 & v3, v11 & v16 & v3)', 'Implies(v16 & v4, v11 & v16 & v4 & v8)', 'Implies(v16 & v6, v11 & v16 & v6)', '~(v1 & v16)', '~(v11 & v17)', '~(v12 & v16)', '~(v13 & v16)', '~(v14 & v16)', '~(v15 & v17 & v6)']

New Hypothesis Q: [Implies(v15 & v17 & v8, v0 | v1 | v10 | v11 | v12 | v13 | v14 | v16 | v2 | v3 | v4 | v5 | v6 | v7 | v9), Implies(v16, v0 | v1 | v10 | v11 | v12 | v13 | v14 | v15 | v17 | v2 | v3 | v4 | v5 | v6 | v7 | v8 | v9), Implies(v16 & v9, v0 | v1 | v10 | v11 | v12 | v13 | v14 | v15 | v17 | v2 | v3 | v4 | v5 | v6 | v7 | v8), Implies(v15 & v17 & v9, v0 | v1 | v10 | v11 | v12 | v13 | v14 | v16 | v2 | v3 | v4 | v5 | v6 | v7 | v8), Implies(v15 & v16, v0 | v1 | v10 | v11 | v12 | v13 | v14 | v17 | v2 | v3 | v4 | v5 | v6 | v7 | v8 | v9), Implies(v10 & v15 & v17, v0 | v1 | v11 | v12 | v13 | v14 | v16 | v2 | v3 | v4 | v5 | v6 | v7 | v8 | v9), Implies(v10 & v16, v0 | v1 | v11 | v12 | v13 | v14 | v15 | v17 | v2 | v3 | v4 | v5 | v6 | v7 | v8 | v9)]

New Hypothesis length: 18 + background: 36

total positive counterexamples:  19
total negative counterexamples:  11 (23)
total non-horn counterexamples:  7





Iteration: 1465

(29) Counterexample: (+) She was born between 1875 and 1925 in Oceania and is a nurse.

New Hypothesis H: ['Implies(v0 & v16, v0 & v11 & v16 & v9)', 'Implies(v1 & v16, v1 & v11 & v16 & v9)', 'Implies(v16 & v2, v11 & v16 & v2)', 'Implies(v16 & v3, v11 & v16 & v3)', 'Implies(v16 & v4, v11 & v16 & v4 & v8)', 'Implies(v16 & v6, v11 & v16 & v6)', '~(v11 & v17)', '~(v12 & v16)', '~(v13 & v16)', '~(v14 & v16)', '~(v15 & v17 & v6)']

New Hypothesis Q: [Implies(v15 & v17 & v8, v0 | v1 | v10 | v11 | v12 | v13 | v14 | v16 | v2 | v3 | v4 | v5 | v6 | v7 | v9), Implies(v16, v0 | v1 | v10 | v11 | v12 | v13 | v14 | v15 | v17 | v2 | v3 | v4 | v5 | v6 | v7 | v8 | v9), Implies(v16 & v9, v0 | v1 | v10 | v11 | v12 | v13 | v14 | v15 | v17 | v2 | v3 | v4 | v5 | v6 | v7 | v8), Implies(v15 & v17 & v9, v0 | v1 | v10 | v11 | v12 | v13 | v14 | v16 | v2 | v3 | v4 | v5 | v6 | v7 | v8), Implies(v15 & v16, v0 | v1 | v10 | v11 | v12 | v13 | v14 | v17 | v2 | v3 | v4 | v5 | v6 | v7 | v8 | v9), Implies(v10 & v15 & v17, v0 | v1 | v11 | v12 | v13 | v14 | v16 | v2 | v3 | v4 | v5 | v6 | v7 | v8 | v9), Implies(v10 & v16, v0 | v1 | v11 | v12 | v13 | v14 | v15 | v17 | v2 | v3 | v4 | v5 | v6 | v7 | v8 | v9)]

New Hypothesis length: 18 + background: 36

total positive counterexamples:  20
total negative counterexamples:  11 (23)
total non-horn counterexamples:  7





Iteration: 1464

(20) Counterexample: (-) He was born an unknown time period in Africa and is a singer.

New Hypothesis H: ['Implies(v0 & v16, v0 & v11 & v16 & v9)', 'Implies(v1 & v16, v1 & v11 & v16 & v9)', 'Implies(v16 & v2, v11 & v16 & v2)', 'Implies(v16 & v3, v11 & v16 & v3)', 'Implies(v16 & v4, v11 & v16 & v4 & v8)', 'Implies(v16 & v6, v11 & v16 & v6)', '~(v11 & v17)', '~(v12 & v16)', '~(v13 & v16)', '~(v14 & v16)', '~(v15 & v17 & v5)', '~(v15 & v17 & v6)']

New Hypothesis Q: [Implies(v15 & v17 & v8, v0 | v1 | v10 | v11 | v12 | v13 | v14 | v16 | v2 | v3 | v4 | v5 | v6 | v7 | v9), Implies(v16, v0 | v1 | v10 | v11 | v12 | v13 | v14 | v15 | v17 | v2 | v3 | v4 | v5 | v6 | v7 | v8 | v9), Implies(v16 & v9, v0 | v1 | v10 | v11 | v12 | v13 | v14 | v15 | v17 | v2 | v3 | v4 | v5 | v6 | v7 | v8), Implies(v15 & v17 & v9, v0 | v1 | v10 | v11 | v12 | v13 | v14 | v16 | v2 | v3 | v4 | v5 | v6 | v7 | v8), Implies(v15 & v16, v0 | v1 | v10 | v11 | v12 | v13 | v14 | v17 | v2 | v3 | v4 | v5 | v6 | v7 | v8 | v9), Implies(v10 & v15 & v17, v0 | v1 | v11 | v12 | v13 | v14 | v16 | v2 | v3 | v4 | v5 | v6 | v7 | v8 | v9), Implies(v10 & v16, v0 | v1 | v11 | v12 | v13 | v14 | v15 | v17 | v2 | v3 | v4 | v5 | v6 | v7 | v8 | v9)]

New Hypothesis length: 19 + background: 36

total positive counterexamples:  20
total negative counterexamples:  12 (26)
total non-horn counterexamples:  7





Iteration: 1463

(8) Counterexample: (+) She was born before 1875 in South America and is a nurse.

New Hypothesis H: ['Implies(v0 & v16, v0 & v11 & v16)', 'Implies(v1 & v16, v1 & v11 & v16 & v9)', 'Implies(v16 & v2, v11 & v16 & v2)', 'Implies(v16 & v3, v11 & v16 & v3)', 'Implies(v16 & v4, v11 & v16 & v4 & v8)', 'Implies(v16 & v6, v11 & v16 & v6)', '~(v11 & v17)', '~(v12 & v16)', '~(v13 & v16)', '~(v14 & v16)', '~(v15 & v17 & v5)', '~(v15 & v17 & v6)']

New Hypothesis Q: [Implies(v15 & v17 & v8, v0 | v1 | v10 | v11 | v12 | v13 | v14 | v16 | v2 | v3 | v4 | v5 | v6 | v7 | v9), Implies(v16, v0 | v1 | v10 | v11 | v12 | v13 | v14 | v15 | v17 | v2 | v3 | v4 | v5 | v6 | v7 | v8 | v9), Implies(v16 & v9, v0 | v1 | v10 | v11 | v12 | v13 | v14 | v15 | v17 | v2 | v3 | v4 | v5 | v6 | v7 | v8), Implies(v15 & v17 & v9, v0 | v1 | v10 | v11 | v12 | v13 | v14 | v16 | v2 | v3 | v4 | v5 | v6 | v7 | v8), Implies(v15 & v16, v0 | v1 | v10 | v11 | v12 | v13 | v14 | v17 | v2 | v3 | v4 | v5 | v6 | v7 | v8 | v9), Implies(v10 & v15 & v17, v0 | v1 | v11 | v12 | v13 | v14 | v16 | v2 | v3 | v4 | v5 | v6 | v7 | v8 | v9), Implies(v10 & v16, v0 | v1 | v11 | v12 | v13 | v14 | v15 | v17 | v2 | v3 | v4 | v5 | v6 | v7 | v8 | v9)]

New Hypothesis length: 19 + background: 36

total positive counterexamples:  21
total negative counterexamples:  12 (26)
total non-horn counterexamples:  7





Iteration: 1462

(1) Counterexample: (-) She was born an unknown time period in Europe and is a an unknown occupation.

New Hypothesis H: ['Implies(v0 & v16, v0 & v11 & v16)', 'Implies(v1 & v16, v1 & v11 & v16 & v9)', 'Implies(v16 & v2, v11 & v16 & v2)', 'Implies(v16 & v3, v11 & v16 & v3)', 'Implies(v16 & v4, v11 & v16 & v4 & v8)', 'Implies(v16 & v6, v11 & v16 & v6)', 'Implies(v16 & v7, v11 & v16 & v2 & v7)', '~(v11 & v17)', '~(v12 & v16)', '~(v13 & v16)', '~(v14 & v16)', '~(v15 & v17 & v5)', '~(v15 & v17 & v6)']

New Hypothesis Q: [Implies(v15 & v17 & v8, v0 | v1 | v10 | v11 | v12 | v13 | v14 | v16 | v2 | v3 | v4 | v5 | v6 | v7 | v9), Implies(v16, v0 | v1 | v10 | v11 | v12 | v13 | v14 | v15 | v17 | v2 | v3 | v4 | v5 | v6 | v7 | v8 | v9), Implies(v16 & v9, v0 | v1 | v10 | v11 | v12 | v13 | v14 | v15 | v17 | v2 | v3 | v4 | v5 | v6 | v7 | v8), Implies(v15 & v17 & v9, v0 | v1 | v10 | v11 | v12 | v13 | v14 | v16 | v2 | v3 | v4 | v5 | v6 | v7 | v8), Implies(v15 & v16, v0 | v1 | v10 | v11 | v12 | v13 | v14 | v17 | v2 | v3 | v4 | v5 | v6 | v7 | v8 | v9), Implies(v10 & v15 & v17, v0 | v1 | v11 | v12 | v13 | v14 | v16 | v2 | v3 | v4 | v5 | v6 | v7 | v8 | v9), Implies(v10 & v16, v0 | v1 | v11 | v12 | v13 | v14 | v15 | v17 | v2 | v3 | v4 | v5 | v6 | v7 | v8 | v9)]

New Hypothesis length: 20 + background: 36

total positive counterexamples:  21
total negative counterexamples:  13 (28)
total non-horn counterexamples:  7





Iteration: 1461

(11) Counterexample: (+) He was born after 1970 in Asia and is a singer.

New Hypothesis H: ['Implies(v0 & v16, v0 & v11 & v16)', 'Implies(v1 & v16, v1 & v11 & v16 & v9)', 'Implies(v15 & v17 & v6, v15 & v17 & v4 & v6)', 'Implies(v16 & v2, v11 & v16 & v2)', 'Implies(v16 & v3, v11 & v16 & v3)', 'Implies(v16 & v4, v11 & v16 & v4 & v8)', 'Implies(v16 & v6, v11 & v16 & v6)', 'Implies(v16 & v7, v11 & v16 & v2 & v7)', '~(v11 & v17)', '~(v12 & v16)', '~(v13 & v16)', '~(v14 & v16)', '~(v15 & v17 & v5)']

New Hypothesis Q: [Implies(v15 & v17 & v8, v0 | v1 | v10 | v11 | v12 | v13 | v14 | v16 | v2 | v3 | v4 | v5 | v6 | v7 | v9), Implies(v16, v0 | v1 | v10 | v11 | v12 | v13 | v14 | v15 | v17 | v2 | v3 | v4 | v5 | v6 | v7 | v8 | v9), Implies(v16 & v9, v0 | v1 | v10 | v11 | v12 | v13 | v14 | v15 | v17 | v2 | v3 | v4 | v5 | v6 | v7 | v8), Implies(v15 & v17 & v9, v0 | v1 | v10 | v11 | v12 | v13 | v14 | v16 | v2 | v3 | v4 | v5 | v6 | v7 | v8), Implies(v15 & v16, v0 | v1 | v10 | v11 | v12 | v13 | v14 | v17 | v2 | v3 | v4 | v5 | v6 | v7 | v8 | v9), Implies(v10 & v15 & v17, v0 | v1 | v11 | v12 | v13 | v14 | v16 | v2 | v3 | v4 | v5 | v6 | v7 | v8 | v9), Implies(v10 & v16, v0 | v1 | v11 | v12 | v13 | v14 | v15 | v17 | v2 | v3 | v4 | v5 | v6 | v7 | v8 | v9)]

New Hypothesis length: 20 + background: 36

total positive counterexamples:  22
total negative counterexamples:  13 (28)
total non-horn counterexamples:  7





Iteration: 1460

(10) Counterexample: (+) She was born between 1875 and 1925 in Europe and is a nurse.

New Hypothesis H: ['Implies(v0 & v16, v0 & v11 & v16)', 'Implies(v1 & v16, v1 & v11 & v16)', 'Implies(v15 & v17 & v6, v15 & v17 & v4 & v6)', 'Implies(v16 & v2, v11 & v16 & v2)', 'Implies(v16 & v3, v11 & v16 & v3)', 'Implies(v16 & v4, v11 & v16 & v4 & v8)', 'Implies(v16 & v6, v11 & v16 & v6)', 'Implies(v16 & v7, v11 & v16 & v7)', '~(v11 & v17)', '~(v12 & v16)', '~(v13 & v16)', '~(v14 & v16)', '~(v15 & v17 & v5)']

New Hypothesis Q: [Implies(v15 & v17 & v8, v0 | v1 | v10 | v11 | v12 | v13 | v14 | v16 | v2 | v3 | v4 | v5 | v6 | v7 | v9), Implies(v16, v0 | v1 | v10 | v11 | v12 | v13 | v14 | v15 | v17 | v2 | v3 | v4 | v5 | v6 | v7 | v8 | v9), Implies(v16 & v9, v0 | v1 | v10 | v11 | v12 | v13 | v14 | v15 | v17 | v2 | v3 | v4 | v5 | v6 | v7 | v8), Implies(v15 & v17 & v9, v0 | v1 | v10 | v11 | v12 | v13 | v14 | v16 | v2 | v3 | v4 | v5 | v6 | v7 | v8), Implies(v15 & v16, v0 | v1 | v10 | v11 | v12 | v13 | v14 | v17 | v2 | v3 | v4 | v5 | v6 | v7 | v8 | v9), Implies(v10 & v15 & v17, v0 | v1 | v11 | v12 | v13 | v14 | v16 | v2 | v3 | v4 | v5 | v6 | v7 | v8 | v9), Implies(v10 & v16, v0 | v1 | v11 | v12 | v13 | v14 | v15 | v17 | v2 | v3 | v4 | v5 | v6 | v7 | v8 | v9)]

New Hypothesis length: 20 + background: 36

total positive counterexamples:  23
total negative counterexamples:  13 (28)
total non-horn counterexamples:  7





Iteration: 1459

(71) Counterexample: (+) She was born after 1970 in Africa and is a nurse.

New Hypothesis H: ['Implies(v0 & v16, v0 & v11 & v16)', 'Implies(v1 & v16, v1 & v11 & v16)', 'Implies(v15 & v17 & v6, v15 & v17 & v4 & v6)', 'Implies(v16 & v2, v11 & v16 & v2)', 'Implies(v16 & v3, v11 & v16 & v3)', 'Implies(v16 & v4, v11 & v16 & v4)', 'Implies(v16 & v6, v11 & v16 & v6)', 'Implies(v16 & v7, v11 & v16 & v7)', '~(v11 & v17)', '~(v12 & v16)', '~(v13 & v16)', '~(v14 & v16)', '~(v15 & v17 & v5)']

New Hypothesis Q: [Implies(v15 & v17 & v8, v0 | v1 | v10 | v11 | v12 | v13 | v14 | v16 | v2 | v3 | v4 | v5 | v6 | v7 | v9), Implies(v16, v0 | v1 | v10 | v11 | v12 | v13 | v14 | v15 | v17 | v2 | v3 | v4 | v5 | v6 | v7 | v8 | v9), Implies(v16 & v9, v0 | v1 | v10 | v11 | v12 | v13 | v14 | v15 | v17 | v2 | v3 | v4 | v5 | v6 | v7 | v8), Implies(v15 & v17 & v9, v0 | v1 | v10 | v11 | v12 | v13 | v14 | v16 | v2 | v3 | v4 | v5 | v6 | v7 | v8), Implies(v15 & v16, v0 | v1 | v10 | v11 | v12 | v13 | v14 | v17 | v2 | v3 | v4 | v5 | v6 | v7 | v8 | v9), Implies(v10 & v15 & v17, v0 | v1 | v11 | v12 | v13 | v14 | v16 | v2 | v3 | v4 | v5 | v6 | v7 | v8 | v9), Implies(v10 & v16, v0 | v1 | v11 | v12 | v13 | v14 | v15 | v17 | v2 | v3 | v4 | v5 | v6 | v7 | v8 | v9)]

New Hypothesis length: 20 + background: 36

total positive counterexamples:  24
total negative counterexamples:  13 (28)
total non-horn counterexamples:  7





Iteration: 1458

(107) Counterexample: (-) He was born an unknown time period in Europe and is a singer.

New Hypothesis H: ['Implies(v0 & v16, v0 & v11 & v16)', 'Implies(v1 & v16, v1 & v11 & v16)', 'Implies(v15 & v17 & v6, v15 & v17 & v4 & v6)', 'Implies(v16 & v2, v11 & v16 & v2)', 'Implies(v16 & v3, v11 & v16 & v3)', 'Implies(v16 & v4, v11 & v16 & v4)', 'Implies(v16 & v6, v11 & v16 & v6)', 'Implies(v16 & v7, v11 & v16 & v7)', '~(v11 & v17)', '~(v12 & v16)', '~(v13 & v16)', '~(v14 & v16)', '~(v15 & v17 & v5)', '~(v15 & v17 & v7)']

New Hypothesis Q: [Implies(v15 & v17 & v8, v0 | v1 | v10 | v11 | v12 | v13 | v14 | v16 | v2 | v3 | v4 | v5 | v6 | v7 | v9), Implies(v16, v0 | v1 | v10 | v11 | v12 | v13 | v14 | v15 | v17 | v2 | v3 | v4 | v5 | v6 | v7 | v8 | v9), Implies(v16 & v9, v0 | v1 | v10 | v11 | v12 | v13 | v14 | v15 | v17 | v2 | v3 | v4 | v5 | v6 | v7 | v8), Implies(v15 & v17 & v9, v0 | v1 | v10 | v11 | v12 | v13 | v14 | v16 | v2 | v3 | v4 | v5 | v6 | v7 | v8), Implies(v15 & v16, v0 | v1 | v10 | v11 | v12 | v13 | v14 | v17 | v2 | v3 | v4 | v5 | v6 | v7 | v8 | v9), Implies(v10 & v15 & v17, v0 | v1 | v11 | v12 | v13 | v14 | v16 | v2 | v3 | v4 | v5 | v6 | v7 | v8 | v9), Implies(v10 & v16, v0 | v1 | v11 | v12 | v13 | v14 | v15 | v17 | v2 | v3 | v4 | v5 | v6 | v7 | v8 | v9)]

New Hypothesis length: 21 + background: 36

total positive counterexamples:  24
total negative counterexamples:  14 (31)
total non-horn counterexamples:  7





Iteration: 1457

(25) Counterexample: (+) He was born between 1951 and 1970 in Asia and is a singer.

New Hypothesis H: ['Implies(v0 & v16, v0 & v11 & v16)', 'Implies(v1 & v16, v1 & v11 & v16)', 'Implies(v16 & v2, v11 & v16 & v2)', 'Implies(v16 & v3, v11 & v16 & v3)', 'Implies(v16 & v4, v11 & v16 & v4)', 'Implies(v16 & v6, v11 & v16 & v6)', 'Implies(v16 & v7, v11 & v16 & v7)', '~(v11 & v17)', '~(v12 & v16)', '~(v13 & v16)', '~(v14 & v16)', '~(v15 & v17 & v5)', '~(v15 & v17 & v7)']

New Hypothesis Q: [Implies(v15 & v17 & v8, v0 | v1 | v10 | v11 | v12 | v13 | v14 | v16 | v2 | v3 | v4 | v5 | v6 | v7 | v9), Implies(v15 & v17 & v6, v0 | v1 | v10 | v11 | v12 | v13 | v14 | v16 | v2 | v3 | v4 | v5 | v7 | v8 | v9), Implies(v16, v0 | v1 | v10 | v11 | v12 | v13 | v14 | v15 | v17 | v2 | v3 | v4 | v5 | v6 | v7 | v8 | v9), Implies(v16 & v9, v0 | v1 | v10 | v11 | v12 | v13 | v14 | v15 | v17 | v2 | v3 | v4 | v5 | v6 | v7 | v8), Implies(v15 & v17 & v9, v0 | v1 | v10 | v11 | v12 | v13 | v14 | v16 | v2 | v3 | v4 | v5 | v6 | v7 | v8), Implies(v15 & v16, v0 | v1 | v10 | v11 | v12 | v13 | v14 | v17 | v2 | v3 | v4 | v5 | v6 | v7 | v8 | v9), Implies(v10 & v15 & v17, v0 | v1 | v11 | v12 | v13 | v14 | v16 | v2 | v3 | v4 | v5 | v6 | v7 | v8 | v9), Implies(v10 & v16, v0 | v1 | v11 | v12 | v13 | v14 | v15 | v17 | v2 | v3 | v4 | v5 | v6 | v7 | v8 | v9)]

New Hypothesis length: 21 + background: 36

total positive counterexamples:  25
total negative counterexamples:  13 (28)
total non-horn counterexamples:  8





Iteration: 1456

(10) Counterexample: (+) He was born between 1951 and 1970 in Africa and is a singer.

New Hypothesis H: ['Implies(v0 & v16, v0 & v11 & v16)', 'Implies(v1 & v16, v1 & v11 & v16)', 'Implies(v15 & v17 & v5, v15 & v17 & v3 & v5)', 'Implies(v16 & v2, v11 & v16 & v2)', 'Implies(v16 & v3, v11 & v16 & v3)', 'Implies(v16 & v4, v11 & v16 & v4)', 'Implies(v16 & v6, v11 & v16 & v6)', 'Implies(v16 & v7, v11 & v16 & v7)', '~(v11 & v17)', '~(v12 & v16)', '~(v13 & v16)', '~(v14 & v16)', '~(v15 & v17 & v7)']

New Hypothesis Q: [Implies(v15 & v17 & v8, v0 | v1 | v10 | v11 | v12 | v13 | v14 | v16 | v2 | v3 | v4 | v5 | v6 | v7 | v9), Implies(v15 & v17 & v6, v0 | v1 | v10 | v11 | v12 | v13 | v14 | v16 | v2 | v3 | v4 | v5 | v7 | v8 | v9), Implies(v16, v0 | v1 | v10 | v11 | v12 | v13 | v14 | v15 | v17 | v2 | v3 | v4 | v5 | v6 | v7 | v8 | v9), Implies(v16 & v9, v0 | v1 | v10 | v11 | v12 | v13 | v14 | v15 | v17 | v2 | v3 | v4 | v5 | v6 | v7 | v8), Implies(v15 & v17 & v9, v0 | v1 | v10 | v11 | v12 | v13 | v14 | v16 | v2 | v3 | v4 | v5 | v6 | v7 | v8), Implies(v15 & v16, v0 | v1 | v10 | v11 | v12 | v13 | v14 | v17 | v2 | v3 | v4 | v5 | v6 | v7 | v8 | v9), Implies(v10 & v15 & v17, v0 | v1 | v11 | v12 | v13 | v14 | v16 | v2 | v3 | v4 | v5 | v6 | v7 | v8 | v9), Implies(v10 & v16, v0 | v1 | v11 | v12 | v13 | v14 | v15 | v17 | v2 | v3 | v4 | v5 | v6 | v7 | v8 | v9)]

New Hypothesis length: 21 + background: 36

total positive counterexamples:  26
total negative counterexamples:  13 (28)
total non-horn counterexamples:  8





Iteration: 1455

(34) Counterexample: (+) He was born before 1875 in Europe and is a singer.

New Hypothesis H: ['Implies(v0 & v16, v0 & v11 & v16)', 'Implies(v1 & v16, v1 & v11 & v16)', 'Implies(v15 & v17 & v5, v15 & v17 & v3 & v5)', 'Implies(v15 & v17 & v7, v0 & v15 & v17 & v7)', 'Implies(v16 & v2, v11 & v16 & v2)', 'Implies(v16 & v3, v11 & v16 & v3)', 'Implies(v16 & v4, v11 & v16 & v4)', 'Implies(v16 & v6, v11 & v16 & v6)', 'Implies(v16 & v7, v11 & v16 & v7)', '~(v11 & v17)', '~(v12 & v16)', '~(v13 & v16)', '~(v14 & v16)']

New Hypothesis Q: [Implies(v15 & v17 & v8, v0 | v1 | v10 | v11 | v12 | v13 | v14 | v16 | v2 | v3 | v4 | v5 | v6 | v7 | v9), Implies(v15 & v17 & v6, v0 | v1 | v10 | v11 | v12 | v13 | v14 | v16 | v2 | v3 | v4 | v5 | v7 | v8 | v9), Implies(v16, v0 | v1 | v10 | v11 | v12 | v13 | v14 | v15 | v17 | v2 | v3 | v4 | v5 | v6 | v7 | v8 | v9), Implies(v16 & v9, v0 | v1 | v10 | v11 | v12 | v13 | v14 | v15 | v17 | v2 | v3 | v4 | v5 | v6 | v7 | v8), Implies(v15 & v17 & v9, v0 | v1 | v10 | v11 | v12 | v13 | v14 | v16 | v2 | v3 | v4 | v5 | v6 | v7 | v8), Implies(v15 & v16, v0 | v1 | v10 | v11 | v12 | v13 | v14 | v17 | v2 | v3 | v4 | v5 | v6 | v7 | v8 | v9), Implies(v10 & v15 & v17, v0 | v1 | v11 | v12 | v13 | v14 | v16 | v2 | v3 | v4 | v5 | v6 | v7 | v8 | v9), Implies(v10 & v16, v0 | v1 | v11 | v12 | v13 | v14 | v15 | v17 | v2 | v3 | v4 | v5 | v6 | v7 | v8 | v9)]

New Hypothesis length: 21 + background: 36

total positive counterexamples:  27
total negative counterexamples:  13 (28)
total non-horn counterexamples:  8





Iteration: 1454

(11) Counterexample: (+) He was born between 1925 and 1951 in Europe and is a singer.

New Hypothesis H: ['Implies(v0 & v16, v0 & v11 & v16)', 'Implies(v1 & v16, v1 & v11 & v16)', 'Implies(v15 & v17 & v5, v15 & v17 & v3 & v5)', 'Implies(v16 & v2, v11 & v16 & v2)', 'Implies(v16 & v3, v11 & v16 & v3)', 'Implies(v16 & v4, v11 & v16 & v4)', 'Implies(v16 & v6, v11 & v16 & v6)', 'Implies(v16 & v7, v11 & v16 & v7)', '~(v11 & v17)', '~(v12 & v16)', '~(v13 & v16)', '~(v14 & v16)']

New Hypothesis Q: [Implies(v15 & v17 & v7, v0 | v1 | v10 | v11 | v12 | v13 | v14 | v16 | v2 | v3 | v4 | v5 | v6 | v8 | v9), Implies(v15 & v17 & v8, v0 | v1 | v10 | v11 | v12 | v13 | v14 | v16 | v2 | v3 | v4 | v5 | v6 | v7 | v9), Implies(v15 & v17 & v6, v0 | v1 | v10 | v11 | v12 | v13 | v14 | v16 | v2 | v3 | v4 | v5 | v7 | v8 | v9), Implies(v16, v0 | v1 | v10 | v11 | v12 | v13 | v14 | v15 | v17 | v2 | v3 | v4 | v5 | v6 | v7 | v8 | v9), Implies(v16 & v9, v0 | v1 | v10 | v11 | v12 | v13 | v14 | v15 | v17 | v2 | v3 | v4 | v5 | v6 | v7 | v8), Implies(v15 & v17 & v9, v0 | v1 | v10 | v11 | v12 | v13 | v14 | v16 | v2 | v3 | v4 | v5 | v6 | v7 | v8), Implies(v15 & v16, v0 | v1 | v10 | v11 | v12 | v13 | v14 | v17 | v2 | v3 | v4 | v5 | v6 | v7 | v8 | v9), Implies(v10 & v15 & v17, v0 | v1 | v11 | v12 | v13 | v14 | v16 | v2 | v3 | v4 | v5 | v6 | v7 | v8 | v9), Implies(v10 & v16, v0 | v1 | v11 | v12 | v13 | v14 | v15 | v17 | v2 | v3 | v4 | v5 | v6 | v7 | v8 | v9)]

New Hypothesis length: 21 + background: 36

total positive counterexamples:  28
total negative counterexamples:  12 (25)
total non-horn counterexamples:  9





Iteration: 1453

(93) Counterexample: (+) She was born an unknown time period in Asia and is a singer.

New Hypothesis H: ['Implies(v0 & v16, v0 & v11 & v16)', 'Implies(v1 & v16, v1 & v11 & v16)', 'Implies(v15 & v17 & v5, v15 & v17 & v3 & v5)', 'Implies(v16 & v2, v11 & v16 & v2)', 'Implies(v16 & v3, v11 & v16 & v3)', 'Implies(v16 & v4, v11 & v16 & v4)', 'Implies(v16 & v7, v11 & v16 & v7)', '~(v11 & v17)', '~(v12 & v16)', '~(v13 & v16)', '~(v14 & v16)']

New Hypothesis Q: [Implies(v15 & v17 & v7, v0 | v1 | v10 | v11 | v12 | v13 | v14 | v16 | v2 | v3 | v4 | v5 | v6 | v8 | v9), Implies(v15 & v17 & v8, v0 | v1 | v10 | v11 | v12 | v13 | v14 | v16 | v2 | v3 | v4 | v5 | v6 | v7 | v9), Implies(v15 & v17 & v6, v0 | v1 | v10 | v11 | v12 | v13 | v14 | v16 | v2 | v3 | v4 | v5 | v7 | v8 | v9), Implies(v16, v0 | v1 | v10 | v11 | v12 | v13 | v14 | v15 | v17 | v2 | v3 | v4 | v5 | v6 | v7 | v8 | v9), Implies(v16 & v9, v0 | v1 | v10 | v11 | v12 | v13 | v14 | v15 | v17 | v2 | v3 | v4 | v5 | v6 | v7 | v8), Implies(v15 & v17 & v9, v0 | v1 | v10 | v11 | v12 | v13 | v14 | v16 | v2 | v3 | v4 | v5 | v6 | v7 | v8), Implies(v15 & v16, v0 | v1 | v10 | v11 | v12 | v13 | v14 | v17 | v2 | v3 | v4 | v5 | v6 | v7 | v8 | v9), Implies(v16 & v6, v0 | v1 | v10 | v11 | v12 | v13 | v14 | v15 | v17 | v2 | v3 | v4 | v5 | v7 | v8 | v9), Implies(v10 & v15 & v17, v0 | v1 | v11 | v12 | v13 | v14 | v16 | v2 | v3 | v4 | v5 | v6 | v7 | v8 | v9), Implies(v10 & v16, v0 | v1 | v11 | v12 | v13 | v14 | v15 | v17 | v2 | v3 | v4 | v5 | v6 | v7 | v8 | v9)]

New Hypothesis length: 21 + background: 36

total positive counterexamples:  29
total negative counterexamples:  11 (23)
total non-horn counterexamples:  10





Iteration: 1452

(166) Counterexample: (+) She was born an unknown time period in Europe and is a singer.

New Hypothesis H: ['Implies(v0 & v16, v0 & v11 & v16)', 'Implies(v1 & v16, v1 & v11 & v16)', 'Implies(v15 & v17 & v5, v15 & v17 & v3 & v5)', 'Implies(v16 & v2, v11 & v16 & v2)', 'Implies(v16 & v3, v11 & v16 & v3)', 'Implies(v16 & v4, v11 & v16 & v4)', '~(v11 & v17)', '~(v12 & v16)', '~(v13 & v16)', '~(v14 & v16)']

New Hypothesis Q: [Implies(v15 & v17 & v7, v0 | v1 | v10 | v11 | v12 | v13 | v14 | v16 | v2 | v3 | v4 | v5 | v6 | v8 | v9), Implies(v15 & v17 & v8, v0 | v1 | v10 | v11 | v12 | v13 | v14 | v16 | v2 | v3 | v4 | v5 | v6 | v7 | v9), Implies(v15 & v17 & v6, v0 | v1 | v10 | v11 | v12 | v13 | v14 | v16 | v2 | v3 | v4 | v5 | v7 | v8 | v9), Implies(v16, v0 | v1 | v10 | v11 | v12 | v13 | v14 | v15 | v17 | v2 | v3 | v4 | v5 | v6 | v7 | v8 | v9), Implies(v16 & v9, v0 | v1 | v10 | v11 | v12 | v13 | v14 | v15 | v17 | v2 | v3 | v4 | v5 | v6 | v7 | v8), Implies(v15 & v17 & v9, v0 | v1 | v10 | v11 | v12 | v13 | v14 | v16 | v2 | v3 | v4 | v5 | v6 | v7 | v8), Implies(v15 & v16, v0 | v1 | v10 | v11 | v12 | v13 | v14 | v17 | v2 | v3 | v4 | v5 | v6 | v7 | v8 | v9), Implies(v16 & v6, v0 | v1 | v10 | v11 | v12 | v13 | v14 | v15 | v17 | v2 | v3 | v4 | v5 | v7 | v8 | v9), Implies(v16 & v7, v0 | v1 | v10 | v11 | v12 | v13 | v14 | v15 | v17 | v2 | v3 | v4 | v5 | v6 | v8 | v9), Implies(v10 & v15 & v17, v0 | v1 | v11 | v12 | v13 | v14 | v16 | v2 | v3 | v4 | v5 | v6 | v7 | v8 | v9), Implies(v10 & v16, v0 | v1 | v11 | v12 | v13 | v14 | v15 | v17 | v2 | v3 | v4 | v5 | v6 | v7 | v8 | v9)]

New Hypothesis length: 21 + background: 36

total positive counterexamples:  30
total negative counterexamples:  10 (21)
total non-horn counterexamples:  11





Iteration: 1451

(221) Counterexample: (-) She was born an unknown time period in North America and is a an unknown occupation.

New Hypothesis H: ['Implies(v0 & v16, v0 & v11 & v16)', 'Implies(v1 & v16, v1 & v11 & v16)', 'Implies(v15 & v17 & v5, v15 & v17 & v3 & v5)', 'Implies(v16 & v2, v11 & v16 & v2)', 'Implies(v16 & v3, v11 & v16 & v3)', 'Implies(v16 & v4, v11 & v16 & v4)', '~(v11 & v17)', '~(v12 & v16)', '~(v13 & v16)', '~(v14 & v16)']

New Hypothesis Q: [Implies(v15 & v17 & v7, v0 | v1 | v10 | v11 | v12 | v13 | v14 | v16 | v2 | v3 | v4 | v5 | v6 | v8 | v9), Implies(v15 & v17 & v8, v0 | v1 | v10 | v11 | v12 | v13 | v14 | v16 | v2 | v3 | v4 | v5 | v6 | v7 | v9), Implies(v15 & v17 & v6, v0 | v1 | v10 | v11 | v12 | v13 | v14 | v16 | v2 | v3 | v4 | v5 | v7 | v8 | v9), Implies(v16, v0 | v1 | v10 | v11 | v12 | v13 | v14 | v15 | v17 | v2 | v3 | v4 | v5 | v6 | v7 | v8 | v9), Implies(v16 & v9, v0 | v1 | v10 | v11 | v12 | v13 | v14 | v15 | v17 | v2 | v3 | v4 | v5 | v6 | v7 | v8), Implies(v15 & v17 & v9, v0 | v1 | v10 | v11 | v12 | v13 | v14 | v16 | v2 | v3 | v4 | v5 | v6 | v7 | v8), Implies(v16 & v8, v0 | v1 | v10 | v11 | v12 | v13 | v14 | v15 | v17 | v2 | v3 | v4 | v5 | v6 | v7 | v9), Implies(v15 & v16, v0 | v1 | v10 | v11 | v12 | v13 | v14 | v17 | v2 | v3 | v4 | v5 | v6 | v7 | v8 | v9), Implies(v16 & v6, v0 | v1 | v10 | v11 | v12 | v13 | v14 | v15 | v17 | v2 | v3 | v4 | v5 | v7 | v8 | v9), Implies(v16 & v7, v0 | v1 | v10 | v11 | v12 | v13 | v14 | v15 | v17 | v2 | v3 | v4 | v5 | v6 | v8 | v9), Implies(v10 & v15 & v17, v0 | v1 | v11 | v12 | v13 | v14 | v16 | v2 | v3 | v4 | v5 | v6 | v7 | v8 | v9), Implies(v10 & v16, v0 | v1 | v11 | v12 | v13 | v14 | v15 | v17 | v2 | v3 | v4 | v5 | v6 | v7 | v8 | v9)]

New Hypothesis length: 22 + background: 36

total positive counterexamples:  30
total negative counterexamples:  10 (21)
total non-horn counterexamples:  12





Iteration: 1450

(68) Counterexample: (+) He was born between 1925 and 1951 in Africa and is a singer.

New Hypothesis H: ['Implies(v0 & v16, v0 & v11 & v16)', 'Implies(v1 & v16, v1 & v11 & v16)', 'Implies(v16 & v2, v11 & v16 & v2)', 'Implies(v16 & v3, v11 & v16 & v3)', 'Implies(v16 & v4, v11 & v16 & v4)', '~(v11 & v17)', '~(v12 & v16)', '~(v13 & v16)', '~(v14 & v16)']

New Hypothesis Q: [Implies(v15 & v17 & v7, v0 | v1 | v10 | v11 | v12 | v13 | v14 | v16 | v2 | v3 | v4 | v5 | v6 | v8 | v9), Implies(v15 & v17 & v8, v0 | v1 | v10 | v11 | v12 | v13 | v14 | v16 | v2 | v3 | v4 | v5 | v6 | v7 | v9), Implies(v15 & v17 & v6, v0 | v1 | v10 | v11 | v12 | v13 | v14 | v16 | v2 | v3 | v4 | v5 | v7 | v8 | v9), Implies(v16, v0 | v1 | v10 | v11 | v12 | v13 | v14 | v15 | v17 | v2 | v3 | v4 | v5 | v6 | v7 | v8 | v9), Implies(v16 & v9, v0 | v1 | v10 | v11 | v12 | v13 | v14 | v15 | v17 | v2 | v3 | v4 | v5 | v6 | v7 | v8), Implies(v15 & v17 & v9, v0 | v1 | v10 | v11 | v12 | v13 | v14 | v16 | v2 | v3 | v4 | v5 | v6 | v7 | v8), Implies(v16 & v8, v0 | v1 | v10 | v11 | v12 | v13 | v14 | v15 | v17 | v2 | v3 | v4 | v5 | v6 | v7 | v9), Implies(v15 & v17 & v5, v0 | v1 | v10 | v11 | v12 | v13 | v14 | v16 | v2 | v3 | v4 | v6 | v7 | v8 | v9), Implies(v15 & v16, v0 | v1 | v10 | v11 | v12 | v13 | v14 | v17 | v2 | v3 | v4 | v5 | v6 | v7 | v8 | v9), Implies(v16 & v6, v0 | v1 | v10 | v11 | v12 | v13 | v14 | v15 | v17 | v2 | v3 | v4 | v5 | v7 | v8 | v9), Implies(v16 & v7, v0 | v1 | v10 | v11 | v12 | v13 | v14 | v15 | v17 | v2 | v3 | v4 | v5 | v6 | v8 | v9), Implies(v10 & v15 & v17, v0 | v1 | v11 | v12 | v13 | v14 | v16 | v2 | v3 | v4 | v5 | v6 | v7 | v8 | v9), Implies(v10 & v16, v0 | v1 | v11 | v12 | v13 | v14 | v15 | v17 | v2 | v3 | v4 | v5 | v6 | v7 | v8 | v9)]

New Hypothesis length: 22 + background: 36

total positive counterexamples:  31
total negative counterexamples:  9 (18)
total non-horn counterexamples:  13





Iteration: 1449

(653) Counterexample: (-) She was born an unknown time period in Africa and is a an unknown occupation.

New Hypothesis H: ['Implies(v0 & v16, v0 & v11 & v16)', 'Implies(v1 & v16, v1 & v11 & v16)', 'Implies(v16 & v2, v11 & v16 & v2)', 'Implies(v16 & v3, v11 & v16 & v3)', 'Implies(v16 & v4, v11 & v16 & v4)', '~(v11 & v17)', '~(v12 & v16)', '~(v13 & v16)', '~(v14 & v16)']

New Hypothesis Q: [Implies(v15 & v17 & v7, v0 | v1 | v10 | v11 | v12 | v13 | v14 | v16 | v2 | v3 | v4 | v5 | v6 | v8 | v9), Implies(v15 & v17 & v8, v0 | v1 | v10 | v11 | v12 | v13 | v14 | v16 | v2 | v3 | v4 | v5 | v6 | v7 | v9), Implies(v15 & v17 & v6, v0 | v1 | v10 | v11 | v12 | v13 | v14 | v16 | v2 | v3 | v4 | v5 | v7 | v8 | v9), Implies(v16, v0 | v1 | v10 | v11 | v12 | v13 | v14 | v15 | v17 | v2 | v3 | v4 | v5 | v6 | v7 | v8 | v9), Implies(v16 & v9, v0 | v1 | v10 | v11 | v12 | v13 | v14 | v15 | v17 | v2 | v3 | v4 | v5 | v6 | v7 | v8), Implies(v15 & v17 & v9, v0 | v1 | v10 | v11 | v12 | v13 | v14 | v16 | v2 | v3 | v4 | v5 | v6 | v7 | v8), Implies(v16 & v8, v0 | v1 | v10 | v11 | v12 | v13 | v14 | v15 | v17 | v2 | v3 | v4 | v5 | v6 | v7 | v9), Implies(v15 & v17 & v5, v0 | v1 | v10 | v11 | v12 | v13 | v14 | v16 | v2 | v3 | v4 | v6 | v7 | v8 | v9), Implies(v15 & v16, v0 | v1 | v10 | v11 | v12 | v13 | v14 | v17 | v2 | v3 | v4 | v5 | v6 | v7 | v8 | v9), Implies(v16 & v6, v0 | v1 | v10 | v11 | v12 | v13 | v14 | v15 | v17 | v2 | v3 | v4 | v5 | v7 | v8 | v9), Implies(v16 & v5, v0 | v1 | v10 | v11 | v12 | v13 | v14 | v15 | v17 | v2 | v3 | v4 | v6 | v7 | v8 | v9), Implies(v16 & v7, v0 | v1 | v10 | v11 | v12 | v13 | v14 | v15 | v17 | v2 | v3 | v4 | v5 | v6 | v8 | v9), Implies(v10 & v15 & v17, v0 | v1 | v11 | v12 | v13 | v14 | v16 | v2 | v3 | v4 | v5 | v6 | v7 | v8 | v9), Implies(v10 & v16, v0 | v1 | v11 | v12 | v13 | v14 | v15 | v17 | v2 | v3 | v4 | v5 | v6 | v7 | v8 | v9)]

New Hypothesis length: 23 + background: 36

total positive counterexamples:  31
total negative counterexamples:  9 (18)
total non-horn counterexamples:  14





Job 1377250 consumed 0.8 billing hours from project ec30.

Submitted 2025-03-07T15:07:20; waited 0.0 seconds in the queue after becoming eligible to run.

Requested wallclock time: 12.0 hours
Elapsed wallclock time:   4.6 minutes

Job exited normally.

Task and CPU statistics:
ID             CPUs  Tasks  CPU util                Start  Elapsed  Exit status
1377250          10            0.0 %  2025-03-07T15:07:20  278.0 s  0
1377250.batch    10      1    64.2 %  2025-03-07T15:07:20  278.0 s  0

Used CPU time:   29.7 CPU minutes
Unused CPU time: 16.6 CPU minutes

Memory statistics, in GiB:
ID              Alloc   Usage
1377250          40.0        
1377250.batch    40.0     1.5

Job 1377250 completed at Fri Mar 7 15:11:58 CET 2025
