Starting job 1369478 on c1-20 on fox at Thu Mar 6 14:08:31 CET 2025

/var/spool/slurmd/job1369478/slurm_script: line 17: source: /fp/homes01/u01/ec-emilp/.bashrc: is a directory
-------------------------------------------------------------------------------
There are messages associated with the following module(s):
-------------------------------------------------------------------------------

PyTorch/2.1.2-foss-2023a-CUDA-12.1.1:
   NB! This version of PyTorch has not been through the normal testsuite and
   should be considered experimental for now

-------------------------------------------------------------------------------


The following have been reloaded with a version change:
  1) GCCcore/12.3.0 => GCCcore/12.2.0
  2) GMP/6.2.1-GCCcore-12.3.0 => GMP/6.2.1-GCCcore-12.2.0
  3) Python/3.11.3-GCCcore-12.3.0 => Python/3.10.8-GCCcore-12.2.0
  4) SQLite/3.42.0-GCCcore-12.3.0 => SQLite/3.39.4-GCCcore-12.2.0
  5) Tcl/8.6.13-GCCcore-12.3.0 => Tcl/8.6.12-GCCcore-12.2.0
  6) XZ/5.4.2-GCCcore-12.3.0 => XZ/5.2.7-GCCcore-12.2.0
  7) binutils/2.40-GCCcore-12.3.0 => binutils/2.39-GCCcore-12.2.0
  8) bzip2/1.0.8-GCCcore-12.3.0 => bzip2/1.0.8-GCCcore-12.2.0
  9) libffi/3.4.4-GCCcore-12.3.0 => libffi/3.4.4-GCCcore-12.2.0
 10) libreadline/8.2-GCCcore-12.3.0 => libreadline/8.2-GCCcore-12.2.0
 11) ncurses/6.4-GCCcore-12.3.0 => ncurses/6.3-GCCcore-12.2.0
 12) zlib/1.2.13-GCCcore-12.3.0 => zlib/1.2.12-GCCcore-12.2.0


The following have been reloaded with a version change:
  1) FFTW/3.3.10-GCC-12.3.0 => FFTW/3.3.10-GCC-13.3.0
  2) FlexiBLAS/3.3.1-GCC-12.3.0 => FlexiBLAS/3.4.4-GCC-13.3.0
  3) GCC/12.3.0 => GCC/13.3.0
  4) GCCcore/12.2.0 => GCCcore/13.3.0
  5) OpenBLAS/0.3.23-GCC-12.3.0 => OpenBLAS/0.3.27-GCC-13.3.0
  6) OpenSSL/1.1 => OpenSSL/3
  7) Python-bundle-PyPI/2023.06-GCCcore-12.3.0 => Python-bundle-PyPI/2024.06-GCCcore-13.3.0
  8) Python/3.10.8-GCCcore-12.2.0 => Python/3.12.3-GCCcore-13.3.0
  9) SQLite/3.39.4-GCCcore-12.2.0 => SQLite/3.45.3-GCCcore-13.3.0
 10) SciPy-bundle/2023.07-gfbf-2023a => SciPy-bundle/2024.05-gfbf-2024a
 11) Tcl/8.6.12-GCCcore-12.2.0 => Tcl/8.6.14-GCCcore-13.3.0
 12) XZ/5.2.7-GCCcore-12.2.0 => XZ/5.4.5-GCCcore-13.3.0
 13) binutils/2.39-GCCcore-12.2.0 => binutils/2.42-GCCcore-13.3.0
 14) bzip2/1.0.8-GCCcore-12.2.0 => bzip2/1.0.8-GCCcore-13.3.0
 15) cffi/1.15.1-GCCcore-12.3.0 => cffi/1.16.0-GCCcore-13.3.0
 16) cryptography/41.0.1-GCCcore-12.3.0 => cryptography/42.0.8-GCCcore-13.3.0
 17) gfbf/2023a => gfbf/2024a
 18) gzip/1.12-GCCcore-12.3.0 => gzip/1.13-GCCcore-13.3.0
 19) libffi/3.4.4-GCCcore-12.2.0 => libffi/3.4.5-GCCcore-13.3.0
 20) libreadline/8.2-GCCcore-12.2.0 => libreadline/8.2-GCCcore-13.3.0
 21) lz4/1.9.4-GCCcore-12.3.0 => lz4/1.9.4-GCCcore-13.3.0
 22) ncurses/6.3-GCCcore-12.2.0 => ncurses/6.5-GCCcore-13.3.0
 23) pybind11/2.11.1-GCCcore-12.3.0 => pybind11/2.12.0-GCC-13.3.0
 24) virtualenv/20.23.1-GCCcore-12.3.0 => virtualenv/20.26.2-GCCcore-13.3.0
 25) zlib/1.2.12-GCCcore-12.2.0 => zlib/1.3.1-GCCcore-13.3.0
 26) zstd/1.5.5-GCCcore-12.3.0 => zstd/1.5.6-GCCcore-13.3.0


The following have been reloaded with a version change:
  1) FFTW/3.3.10-GCC-13.3.0 => FFTW/3.3.10-GCC-12.3.0
  2) FlexiBLAS/3.4.4-GCC-13.3.0 => FlexiBLAS/3.3.1-GCC-12.3.0
  3) GCC/13.3.0 => GCC/12.3.0
  4) GCCcore/13.3.0 => GCCcore/12.3.0
  5) OpenBLAS/0.3.27-GCC-13.3.0 => OpenBLAS/0.3.23-GCC-12.3.0
  6) OpenSSL/3 => OpenSSL/1.1
  7) Python-bundle-PyPI/2024.06-GCCcore-13.3.0 => Python-bundle-PyPI/2023.06-GCCcore-12.3.0
  8) Python/3.12.3-GCCcore-13.3.0 => Python/3.11.3-GCCcore-12.3.0
  9) SQLite/3.45.3-GCCcore-13.3.0 => SQLite/3.42.0-GCCcore-12.3.0
 10) SciPy-bundle/2024.05-gfbf-2024a => SciPy-bundle/2023.07-gfbf-2023a
 11) Tcl/8.6.14-GCCcore-13.3.0 => Tcl/8.6.13-GCCcore-12.3.0
 12) XZ/5.4.5-GCCcore-13.3.0 => XZ/5.4.2-GCCcore-12.3.0
 13) binutils/2.42-GCCcore-13.3.0 => binutils/2.40-GCCcore-12.3.0
 14) bzip2/1.0.8-GCCcore-13.3.0 => bzip2/1.0.8-GCCcore-12.3.0
 15) cffi/1.16.0-GCCcore-13.3.0 => cffi/1.15.1-GCCcore-12.3.0
 16) cryptography/42.0.8-GCCcore-13.3.0 => cryptography/41.0.1-GCCcore-12.3.0
 17) gfbf/2024a => gfbf/2023a
 18) libffi/3.4.5-GCCcore-13.3.0 => libffi/3.4.4-GCCcore-12.3.0
 19) libreadline/8.2-GCCcore-13.3.0 => libreadline/8.2-GCCcore-12.3.0
 20) ncurses/6.5-GCCcore-13.3.0 => ncurses/6.4-GCCcore-12.3.0
 21) pybind11/2.12.0-GCC-13.3.0 => pybind11/2.11.1-GCCcore-12.3.0
 22) virtualenv/20.26.2-GCCcore-13.3.0 => virtualenv/20.23.1-GCCcore-12.3.0
 23) zlib/1.3.1-GCCcore-13.3.0 => zlib/1.2.13-GCCcore-12.3.0


Iteration: 30

(1) Counterexample: (-) She was born between 1875 and 1925 in North America and is a blacksmith.

New Hypothesis H: ['~(v1 & v12 & v16 & v8)']

New Hypothesis Q: []

New Hypothesis length: 1 + background: 36

total positive counterexamples:  0
total negative counterexamples:  1 (4)
total non-horn counterexamples:  0





Iteration: 29

(2) Counterexample: (-) He was born between 1951 and 1970 in South America and is a nurse.

New Hypothesis H: ['~(v1 & v12 & v16 & v8)', '~(v10 & v11 & v17 & v3)']

New Hypothesis Q: []

New Hypothesis length: 2 + background: 36

total positive counterexamples:  0
total negative counterexamples:  2 (8)
total non-horn counterexamples:  0





Iteration: 28

(1) Counterexample: (-) He was born an unknown time period in Oceania and is a nurse.

New Hypothesis H: ['~(v1 & v12 & v16 & v8)', '~(v11 & v17)']

New Hypothesis Q: []

New Hypothesis length: 2 + background: 36

total positive counterexamples:  0
total negative counterexamples:  2 (6)
total non-horn counterexamples:  0





Iteration: 27

(3) Counterexample: (-) She was born between 1951 and 1970 in Oceania and is a an unknown occupation.

New Hypothesis H: ['~(v11 & v17)', '~v16']

New Hypothesis Q: []

New Hypothesis length: 2 + background: 36

total positive counterexamples:  0
total negative counterexamples:  2 (3)
total non-horn counterexamples:  0





Iteration: 26

(29) Counterexample: (+) She was born before 1875 in Europe and is a nurse.

New Hypothesis H: ['Implies(v16, v0 & v11 & v16 & v7)', '~(v11 & v17)']

New Hypothesis Q: []

New Hypothesis length: 2 + background: 36

total positive counterexamples:  1
total negative counterexamples:  2 (3)
total non-horn counterexamples:  0





Iteration: 25

(23) Counterexample: (+) She was born between 1875 and 1925 in Europe and is a nurse.

New Hypothesis H: ['Implies(v16, v11 & v16 & v7)', '~(v11 & v17)']

New Hypothesis Q: []

New Hypothesis length: 2 + background: 36

total positive counterexamples:  2
total negative counterexamples:  2 (3)
total non-horn counterexamples:  0





Iteration: 24

(4) Counterexample: (+) She was born between 1951 and 1970 in Asia and is a nurse.

New Hypothesis H: ['Implies(v16, v11 & v16)', '~(v11 & v17)']

New Hypothesis Q: []

New Hypothesis length: 2 + background: 36

total positive counterexamples:  3
total negative counterexamples:  2 (3)
total non-horn counterexamples:  0





Iteration: 23

(28) Counterexample: (+) She was born an unknown time period in Asia and is a singer.

New Hypothesis H: ['~(v11 & v17)']

New Hypothesis Q: [Implies(v16, v0 | v1 | v10 | v11 | v12 | v13 | v14 | v15 | v17 | v2 | v3 | v4 | v5 | v6 | v7 | v8 | v9)]

New Hypothesis length: 2 + background: 36

total positive counterexamples:  4
total negative counterexamples:  1 (2)
total non-horn counterexamples:  1





Iteration: 22

(2) Counterexample: (-) She was born between 1951 and 1970 in an unknown place and is a lawyer.

New Hypothesis H: ['~(v11 & v17)', '~(v13 & v16 & v3)']

New Hypothesis Q: [Implies(v16, v0 | v1 | v10 | v11 | v12 | v13 | v14 | v15 | v17 | v2 | v3 | v4 | v5 | v6 | v7 | v8 | v9)]

New Hypothesis length: 3 + background: 36

total positive counterexamples:  4
total negative counterexamples:  2 (5)
total non-horn counterexamples:  1





Iteration: 21

(2) Counterexample: (-) She was born between 1875 and 1925 in Asia and is a singer.

New Hypothesis H: ['~(v1 & v15 & v16 & v6)', '~(v11 & v17)', '~(v13 & v16 & v3)']

New Hypothesis Q: [Implies(v16, v0 | v1 | v10 | v11 | v12 | v13 | v14 | v15 | v17 | v2 | v3 | v4 | v5 | v6 | v7 | v8 | v9)]

New Hypothesis length: 4 + background: 36

total positive counterexamples:  4
total negative counterexamples:  3 (9)
total non-horn counterexamples:  1





Iteration: 20

(1) Counterexample: (-) He was born an unknown time period in Africa and is a singer.

New Hypothesis H: ['~(v1 & v15 & v16 & v6)', '~(v11 & v17)', '~(v13 & v16 & v3)', '~(v15 & v17 & v5)']

New Hypothesis Q: [Implies(v16, v0 | v1 | v10 | v11 | v12 | v13 | v14 | v15 | v17 | v2 | v3 | v4 | v5 | v6 | v7 | v8 | v9)]

New Hypothesis length: 5 + background: 36

total positive counterexamples:  4
total negative counterexamples:  4 (12)
total non-horn counterexamples:  1





Iteration: 19

(1) Counterexample: (-) She was born between 1925 and 1951 in North America and is a an unknown occupation.

New Hypothesis H: ['~(v1 & v15 & v16 & v6)', '~(v11 & v17)', '~(v13 & v16 & v3)', '~(v15 & v17 & v5)', '~(v16 & v2 & v8)']

New Hypothesis Q: [Implies(v16, v0 | v1 | v10 | v11 | v12 | v13 | v14 | v15 | v17 | v2 | v3 | v4 | v5 | v6 | v7 | v8 | v9)]

New Hypothesis length: 6 + background: 36

total positive counterexamples:  4
total negative counterexamples:  5 (15)
total non-horn counterexamples:  1





Iteration: 18

(1) Counterexample: (-) She was born after 1970 in Oceania and is a an unknown occupation.

New Hypothesis H: ['~(v1 & v15 & v16 & v6)', '~(v11 & v17)', '~(v13 & v16 & v3)', '~(v15 & v17 & v5)', '~(v16 & v2 & v8)', '~(v16 & v4 & v9)']

New Hypothesis Q: [Implies(v16, v0 | v1 | v10 | v11 | v12 | v13 | v14 | v15 | v17 | v2 | v3 | v4 | v5 | v6 | v7 | v8 | v9)]

New Hypothesis length: 7 + background: 36

total positive counterexamples:  4
total negative counterexamples:  6 (18)
total non-horn counterexamples:  1





Iteration: 17

(6) Counterexample: (+) He was born between 1951 and 1970 in Africa and is a singer.

New Hypothesis H: ['Implies(v15 & v17 & v5, v15 & v17 & v3 & v5)', '~(v1 & v15 & v16 & v6)', '~(v11 & v17)', '~(v13 & v16 & v3)', '~(v16 & v2 & v8)', '~(v16 & v4 & v9)']

New Hypothesis Q: [Implies(v16, v0 | v1 | v10 | v11 | v12 | v13 | v14 | v15 | v17 | v2 | v3 | v4 | v5 | v6 | v7 | v8 | v9)]

New Hypothesis length: 7 + background: 36

total positive counterexamples:  5
total negative counterexamples:  6 (18)
total non-horn counterexamples:  1





Iteration: 16

(1) Counterexample: (-) She was born an unknown time period in Africa and is a an unknown occupation.

New Hypothesis H: ['Implies(v15 & v17 & v5, v15 & v17 & v3 & v5)', '~(v1 & v15 & v16 & v6)', '~(v11 & v17)', '~(v13 & v16 & v3)', '~(v16 & v2 & v8)', '~(v16 & v4 & v9)', '~(v16 & v5)']

New Hypothesis Q: [Implies(v16, v0 | v1 | v10 | v11 | v12 | v13 | v14 | v15 | v17 | v2 | v3 | v4 | v5 | v6 | v7 | v8 | v9)]

New Hypothesis length: 8 + background: 36

total positive counterexamples:  5
total negative counterexamples:  7 (20)
total non-horn counterexamples:  1





Iteration: 15

(6) Counterexample: (+) He was born between 1925 and 1951 in Africa and is a singer.

New Hypothesis H: ['~(v1 & v15 & v16 & v6)', '~(v11 & v17)', '~(v13 & v16 & v3)', '~(v16 & v2 & v8)', '~(v16 & v4 & v9)', '~(v16 & v5)']

New Hypothesis Q: [Implies(v15 & v17 & v5, v0 | v1 | v10 | v11 | v12 | v13 | v14 | v16 | v2 | v3 | v4 | v6 | v7 | v8 | v9), Implies(v16, v0 | v1 | v10 | v11 | v12 | v13 | v14 | v15 | v17 | v2 | v3 | v4 | v5 | v6 | v7 | v8 | v9)]

New Hypothesis length: 8 + background: 36

total positive counterexamples:  6
total negative counterexamples:  6 (17)
total non-horn counterexamples:  2





Iteration: 14

(3) Counterexample: (-) She was born before 1875 in Asia and is a singer.

New Hypothesis H: ['~(v0 & v15 & v16 & v6)', '~(v1 & v15 & v16 & v6)', '~(v11 & v17)', '~(v13 & v16 & v3)', '~(v16 & v2 & v8)', '~(v16 & v4 & v9)', '~(v16 & v5)']

New Hypothesis Q: [Implies(v15 & v17 & v5, v0 | v1 | v10 | v11 | v12 | v13 | v14 | v16 | v2 | v3 | v4 | v6 | v7 | v8 | v9), Implies(v16, v0 | v1 | v10 | v11 | v12 | v13 | v14 | v15 | v17 | v2 | v3 | v4 | v5 | v6 | v7 | v8 | v9)]

New Hypothesis length: 9 + background: 36

total positive counterexamples:  6
total negative counterexamples:  7 (21)
total non-horn counterexamples:  2





Iteration: 13

(2) Counterexample: (-) She was born between 1951 and 1970 in Asia and is a blacksmith.

New Hypothesis H: ['Implies(v16 & v3, v11 & v16 & v3 & v6)', '~(v0 & v15 & v16 & v6)', '~(v1 & v15 & v16 & v6)', '~(v11 & v17)', '~(v16 & v2 & v8)', '~(v16 & v4 & v9)', '~(v16 & v5)']

New Hypothesis Q: [Implies(v15 & v17 & v5, v0 | v1 | v10 | v11 | v12 | v13 | v14 | v16 | v2 | v3 | v4 | v6 | v7 | v8 | v9), Implies(v16, v0 | v1 | v10 | v11 | v12 | v13 | v14 | v15 | v17 | v2 | v3 | v4 | v5 | v6 | v7 | v8 | v9)]

New Hypothesis length: 9 + background: 36

total positive counterexamples:  6
total negative counterexamples:  7 (20)
total non-horn counterexamples:  2





Iteration: 12

(2) Counterexample: (-) She was born after 1970 in Asia and is a blacksmith.

New Hypothesis H: ['Implies(v16 & v3, v11 & v16 & v3 & v6)', '~(v0 & v15 & v16 & v6)', '~(v11 & v17)', '~(v16 & v2 & v8)', '~(v16 & v4 & v9)', '~(v16 & v5)']

New Hypothesis Q: [Implies(v16 & v6, v0 | v1 | v10 | v11 | v12 | v13 | v14 | v15 | v17 | v2 | v3 | v4 | v5 | v7 | v8 | v9), Implies(v15 & v17 & v5, v0 | v1 | v10 | v11 | v12 | v13 | v14 | v16 | v2 | v3 | v4 | v6 | v7 | v8 | v9), Implies(v16, v0 | v1 | v10 | v11 | v12 | v13 | v14 | v15 | v17 | v2 | v3 | v4 | v5 | v6 | v7 | v8 | v9)]

New Hypothesis length: 9 + background: 36

total positive counterexamples:  6
total negative counterexamples:  6 (16)
total non-horn counterexamples:  3





Iteration: 11

(1) Counterexample: (-) She was born before 1875 in Oceania and is a priest.

New Hypothesis H: ['Implies(v16 & v3, v11 & v16 & v3 & v6)', '~(v0 & v15 & v16 & v6)', '~(v11 & v17)', '~(v16 & v2 & v8)', '~(v16 & v5)', '~(v16 & v9)']

New Hypothesis Q: [Implies(v16 & v6, v0 | v1 | v10 | v11 | v12 | v13 | v14 | v15 | v17 | v2 | v3 | v4 | v5 | v7 | v8 | v9), Implies(v15 & v17 & v5, v0 | v1 | v10 | v11 | v12 | v13 | v14 | v16 | v2 | v3 | v4 | v6 | v7 | v8 | v9), Implies(v16, v0 | v1 | v10 | v11 | v12 | v13 | v14 | v15 | v17 | v2 | v3 | v4 | v5 | v6 | v7 | v8 | v9)]

New Hypothesis length: 9 + background: 36

total positive counterexamples:  6
total negative counterexamples:  6 (15)
total non-horn counterexamples:  3





Iteration: 10

(1) Counterexample: (-) She was born between 1875 and 1925 in South America and is a priest.

New Hypothesis H: ['Implies(v16 & v3, v11 & v16 & v3 & v6)', '~(v0 & v15 & v16 & v6)', '~(v1 & v10 & v14 & v16)', '~(v11 & v17)', '~(v16 & v2 & v8)', '~(v16 & v5)', '~(v16 & v9)']

New Hypothesis Q: [Implies(v16 & v6, v0 | v1 | v10 | v11 | v12 | v13 | v14 | v15 | v17 | v2 | v3 | v4 | v5 | v7 | v8 | v9), Implies(v15 & v17 & v5, v0 | v1 | v10 | v11 | v12 | v13 | v14 | v16 | v2 | v3 | v4 | v6 | v7 | v8 | v9), Implies(v16, v0 | v1 | v10 | v11 | v12 | v13 | v14 | v15 | v17 | v2 | v3 | v4 | v5 | v6 | v7 | v8 | v9)]

New Hypothesis length: 10 + background: 36

total positive counterexamples:  6
total negative counterexamples:  7 (19)
total non-horn counterexamples:  3





Iteration: 9

(3) Counterexample: (-) She was born an unknown time period in North America and is a priest.

New Hypothesis H: ['Implies(v16 & v3, v11 & v16 & v3 & v6)', '~(v0 & v15 & v16 & v6)', '~(v1 & v10 & v14 & v16)', '~(v11 & v17)', '~(v16 & v5)', '~(v16 & v8)', '~(v16 & v9)']

New Hypothesis Q: [Implies(v16 & v6, v0 | v1 | v10 | v11 | v12 | v13 | v14 | v15 | v17 | v2 | v3 | v4 | v5 | v7 | v8 | v9), Implies(v15 & v17 & v5, v0 | v1 | v10 | v11 | v12 | v13 | v14 | v16 | v2 | v3 | v4 | v6 | v7 | v8 | v9), Implies(v16, v0 | v1 | v10 | v11 | v12 | v13 | v14 | v15 | v17 | v2 | v3 | v4 | v5 | v6 | v7 | v8 | v9)]

New Hypothesis length: 10 + background: 36

total positive counterexamples:  6
total negative counterexamples:  7 (18)
total non-horn counterexamples:  3





Iteration: 8

(3) Counterexample: (-) He was born an unknown time period in South America and is a singer.

New Hypothesis H: ['Implies(v16 & v3, v11 & v16 & v3 & v6)', '~(v0 & v15 & v16 & v6)', '~(v1 & v10 & v14 & v16)', '~(v10 & v15 & v17)', '~(v11 & v17)', '~(v16 & v5)', '~(v16 & v8)', '~(v16 & v9)']

New Hypothesis Q: [Implies(v16 & v6, v0 | v1 | v10 | v11 | v12 | v13 | v14 | v15 | v17 | v2 | v3 | v4 | v5 | v7 | v8 | v9), Implies(v15 & v17 & v5, v0 | v1 | v10 | v11 | v12 | v13 | v14 | v16 | v2 | v3 | v4 | v6 | v7 | v8 | v9), Implies(v16, v0 | v1 | v10 | v11 | v12 | v13 | v14 | v15 | v17 | v2 | v3 | v4 | v5 | v6 | v7 | v8 | v9)]

New Hypothesis length: 11 + background: 36

total positive counterexamples:  6
total negative counterexamples:  8 (21)
total non-horn counterexamples:  3





Iteration: 7

(3) Counterexample: (-) She was born between 1875 and 1925 in Europe and is a priest.

New Hypothesis H: ['Implies(v16 & v3, v11 & v16 & v3 & v6)', '~(v0 & v15 & v16 & v6)', '~(v1 & v14 & v16)', '~(v10 & v15 & v17)', '~(v11 & v17)', '~(v16 & v5)', '~(v16 & v8)', '~(v16 & v9)']

New Hypothesis Q: [Implies(v16 & v6, v0 | v1 | v10 | v11 | v12 | v13 | v14 | v15 | v17 | v2 | v3 | v4 | v5 | v7 | v8 | v9), Implies(v15 & v17 & v5, v0 | v1 | v10 | v11 | v12 | v13 | v14 | v16 | v2 | v3 | v4 | v6 | v7 | v8 | v9), Implies(v16, v0 | v1 | v10 | v11 | v12 | v13 | v14 | v15 | v17 | v2 | v3 | v4 | v5 | v6 | v7 | v8 | v9)]

New Hypothesis length: 11 + background: 36

total positive counterexamples:  6
total negative counterexamples:  8 (20)
total non-horn counterexamples:  3





Iteration: 6

(1) Counterexample: (+) She was born between 1951 and 1970 in Africa and is a nurse.

New Hypothesis H: ['Implies(v16 & v3, v11 & v16 & v3)', 'Implies(v16 & v5, v11 & v16 & v3 & v5)', '~(v0 & v15 & v16 & v6)', '~(v1 & v14 & v16)', '~(v10 & v15 & v17)', '~(v11 & v17)', '~(v16 & v8)', '~(v16 & v9)']

New Hypothesis Q: [Implies(v16 & v6, v0 | v1 | v10 | v11 | v12 | v13 | v14 | v15 | v17 | v2 | v3 | v4 | v5 | v7 | v8 | v9), Implies(v15 & v17 & v5, v0 | v1 | v10 | v11 | v12 | v13 | v14 | v16 | v2 | v3 | v4 | v6 | v7 | v8 | v9), Implies(v16, v0 | v1 | v10 | v11 | v12 | v13 | v14 | v15 | v17 | v2 | v3 | v4 | v5 | v6 | v7 | v8 | v9)]

New Hypothesis length: 11 + background: 36

total positive counterexamples:  7
total negative counterexamples:  8 (20)
total non-horn counterexamples:  3





Iteration: 5

(4) Counterexample: (+) She was born an unknown time period in Africa and is a nurse.

New Hypothesis H: ['Implies(v16 & v3, v11 & v16 & v3)', 'Implies(v16 & v5, v11 & v16 & v5)', '~(v0 & v15 & v16 & v6)', '~(v1 & v14 & v16)', '~(v10 & v15 & v17)', '~(v11 & v17)', '~(v16 & v8)', '~(v16 & v9)']

New Hypothesis Q: [Implies(v16 & v6, v0 | v1 | v10 | v11 | v12 | v13 | v14 | v15 | v17 | v2 | v3 | v4 | v5 | v7 | v8 | v9), Implies(v15 & v17 & v5, v0 | v1 | v10 | v11 | v12 | v13 | v14 | v16 | v2 | v3 | v4 | v6 | v7 | v8 | v9), Implies(v16, v0 | v1 | v10 | v11 | v12 | v13 | v14 | v15 | v17 | v2 | v3 | v4 | v5 | v6 | v7 | v8 | v9)]

New Hypothesis length: 11 + background: 36

total positive counterexamples:  8
total negative counterexamples:  8 (20)
total non-horn counterexamples:  3





Iteration: 4

(2) Counterexample: (-) She was born an unknown time period in Europe and is a blacksmith.

New Hypothesis H: ['Implies(v16 & v3, v11 & v16 & v3)', 'Implies(v16 & v5, v11 & v16 & v5)', '~(v0 & v15 & v16 & v6)', '~(v1 & v14 & v16)', '~(v10 & v15 & v17)', '~(v11 & v17)', '~(v12 & v16 & v7)', '~(v16 & v8)', '~(v16 & v9)']

New Hypothesis Q: [Implies(v16 & v6, v0 | v1 | v10 | v11 | v12 | v13 | v14 | v15 | v17 | v2 | v3 | v4 | v5 | v7 | v8 | v9), Implies(v15 & v17 & v5, v0 | v1 | v10 | v11 | v12 | v13 | v14 | v16 | v2 | v3 | v4 | v6 | v7 | v8 | v9), Implies(v16, v0 | v1 | v10 | v11 | v12 | v13 | v14 | v15 | v17 | v2 | v3 | v4 | v5 | v6 | v7 | v8 | v9)]

New Hypothesis length: 12 + background: 36

total positive counterexamples:  8
total negative counterexamples:  9 (23)
total non-horn counterexamples:  3





Iteration: 3

(7) Counterexample: (-) She was born between 1925 and 1951 in an unknown place and is a blacksmith.

New Hypothesis H: ['Implies(v16 & v3, v11 & v16 & v3)', 'Implies(v16 & v5, v11 & v16 & v5)', '~(v0 & v15 & v16 & v6)', '~(v1 & v14 & v16)', '~(v10 & v15 & v17)', '~(v11 & v17)', '~(v12 & v16)', '~(v16 & v8)', '~(v16 & v9)']

New Hypothesis Q: [Implies(v16 & v6, v0 | v1 | v10 | v11 | v12 | v13 | v14 | v15 | v17 | v2 | v3 | v4 | v5 | v7 | v8 | v9), Implies(v15 & v17 & v5, v0 | v1 | v10 | v11 | v12 | v13 | v14 | v16 | v2 | v3 | v4 | v6 | v7 | v8 | v9), Implies(v16, v0 | v1 | v10 | v11 | v12 | v13 | v14 | v15 | v17 | v2 | v3 | v4 | v5 | v6 | v7 | v8 | v9)]

New Hypothesis length: 12 + background: 36

total positive counterexamples:  8
total negative counterexamples:  9 (22)
total non-horn counterexamples:  3





Iteration: 2

(5) Counterexample: (-) She was born before 1875 in South America and is a lawyer.

New Hypothesis H: ['Implies(v0 & v16, v0 & v11 & v16 & v7)', 'Implies(v16 & v3, v11 & v16 & v3)', 'Implies(v16 & v5, v11 & v16 & v5)', '~(v1 & v14 & v16)', '~(v10 & v15 & v17)', '~(v11 & v17)', '~(v12 & v16)', '~(v16 & v8)', '~(v16 & v9)']

New Hypothesis Q: [Implies(v16 & v6, v0 | v1 | v10 | v11 | v12 | v13 | v14 | v15 | v17 | v2 | v3 | v4 | v5 | v7 | v8 | v9), Implies(v15 & v17 & v5, v0 | v1 | v10 | v11 | v12 | v13 | v14 | v16 | v2 | v3 | v4 | v6 | v7 | v8 | v9), Implies(v16, v0 | v1 | v10 | v11 | v12 | v13 | v14 | v15 | v17 | v2 | v3 | v4 | v5 | v6 | v7 | v8 | v9)]

New Hypothesis length: 12 + background: 36

total positive counterexamples:  8
total negative counterexamples:  9 (20)
total non-horn counterexamples:  3





Iteration: 1

(10) Counterexample: (-) She was born between 1875 and 1925 in South America and is a lawyer.

New Hypothesis H: ['Implies(v0 & v16, v0 & v11 & v16 & v7)', 'Implies(v1 & v16, v1 & v11 & v16 & v7)', 'Implies(v16 & v3, v11 & v16 & v3)', 'Implies(v16 & v5, v11 & v16 & v5)', '~(v10 & v15 & v17)', '~(v11 & v17)', '~(v12 & v16)', '~(v16 & v8)', '~(v16 & v9)']

New Hypothesis Q: [Implies(v16 & v6, v0 | v1 | v10 | v11 | v12 | v13 | v14 | v15 | v17 | v2 | v3 | v4 | v5 | v7 | v8 | v9), Implies(v15 & v17 & v5, v0 | v1 | v10 | v11 | v12 | v13 | v14 | v16 | v2 | v3 | v4 | v6 | v7 | v8 | v9), Implies(v16, v0 | v1 | v10 | v11 | v12 | v13 | v14 | v15 | v17 | v2 | v3 | v4 | v5 | v6 | v7 | v8 | v9)]

New Hypothesis length: 12 + background: 36

total positive counterexamples:  8
total negative counterexamples:  9 (19)
total non-horn counterexamples:  3





Job 1369478 consumed 0.0 billing hours from project ec30.

Submitted 2025-03-06T14:08:27; waited 4.0 seconds in the queue after becoming eligible to run.

Requested wallclock time: 30.0 minutes
Elapsed wallclock time:   40.0 seconds

Job exited normally.

Task and CPU statistics:
ID             CPUs  Tasks  CPU util                Start  Elapsed  Exit status
1369478           4            0.0 %  2025-03-06T14:08:31   40.0 s  0
1369478.batch     4      1    44.8 %  2025-03-06T14:08:31   40.0 s  0

Used CPU time:   1.2 CPU minutes
Unused CPU time: 1.5 CPU minutes

Memory statistics, in GiB:
ID              Alloc   Usage
1369478          16.0        
1369478.batch    16.0     1.4

Job 1369478 completed at Thu Mar 6 14:09:11 CET 2025
