Starting job 1366769 on c1-5 on fox at Wed Mar 5 10:04:21 CET 2025

/var/spool/slurmd/job1366769/slurm_script: line 17: source: /fp/homes01/u01/ec-emilp/.bashrc: is a directory
-------------------------------------------------------------------------------
There are messages associated with the following module(s):
-------------------------------------------------------------------------------

PyTorch/2.1.2-foss-2023a-CUDA-12.1.1:
   NB! This version of PyTorch has not been through the normal testsuite and
   should be considered experimental for now

-------------------------------------------------------------------------------


The following have been reloaded with a version change:
  1) GCCcore/12.3.0 => GCCcore/12.2.0
  2) GMP/6.2.1-GCCcore-12.3.0 => GMP/6.2.1-GCCcore-12.2.0
  3) Python/3.11.3-GCCcore-12.3.0 => Python/3.10.8-GCCcore-12.2.0
  4) SQLite/3.42.0-GCCcore-12.3.0 => SQLite/3.39.4-GCCcore-12.2.0
  5) Tcl/8.6.13-GCCcore-12.3.0 => Tcl/8.6.12-GCCcore-12.2.0
  6) XZ/5.4.2-GCCcore-12.3.0 => XZ/5.2.7-GCCcore-12.2.0
  7) binutils/2.40-GCCcore-12.3.0 => binutils/2.39-GCCcore-12.2.0
  8) bzip2/1.0.8-GCCcore-12.3.0 => bzip2/1.0.8-GCCcore-12.2.0
  9) libffi/3.4.4-GCCcore-12.3.0 => libffi/3.4.4-GCCcore-12.2.0
 10) libreadline/8.2-GCCcore-12.3.0 => libreadline/8.2-GCCcore-12.2.0
 11) ncurses/6.4-GCCcore-12.3.0 => ncurses/6.3-GCCcore-12.2.0
 12) zlib/1.2.13-GCCcore-12.3.0 => zlib/1.2.12-GCCcore-12.2.0


The following have been reloaded with a version change:
  1) FFTW/3.3.10-GCC-12.3.0 => FFTW/3.3.10-GCC-13.3.0
  2) FlexiBLAS/3.3.1-GCC-12.3.0 => FlexiBLAS/3.4.4-GCC-13.3.0
  3) GCC/12.3.0 => GCC/13.3.0
  4) GCCcore/12.2.0 => GCCcore/13.3.0
  5) OpenBLAS/0.3.23-GCC-12.3.0 => OpenBLAS/0.3.27-GCC-13.3.0
  6) OpenSSL/1.1 => OpenSSL/3
  7) Python-bundle-PyPI/2023.06-GCCcore-12.3.0 => Python-bundle-PyPI/2024.06-GCCcore-13.3.0
  8) Python/3.10.8-GCCcore-12.2.0 => Python/3.12.3-GCCcore-13.3.0
  9) SQLite/3.39.4-GCCcore-12.2.0 => SQLite/3.45.3-GCCcore-13.3.0
 10) SciPy-bundle/2023.07-gfbf-2023a => SciPy-bundle/2024.05-gfbf-2024a
 11) Tcl/8.6.12-GCCcore-12.2.0 => Tcl/8.6.14-GCCcore-13.3.0
 12) XZ/5.2.7-GCCcore-12.2.0 => XZ/5.4.5-GCCcore-13.3.0
 13) binutils/2.39-GCCcore-12.2.0 => binutils/2.42-GCCcore-13.3.0
 14) bzip2/1.0.8-GCCcore-12.2.0 => bzip2/1.0.8-GCCcore-13.3.0
 15) cffi/1.15.1-GCCcore-12.3.0 => cffi/1.16.0-GCCcore-13.3.0
 16) cryptography/41.0.1-GCCcore-12.3.0 => cryptography/42.0.8-GCCcore-13.3.0
 17) gfbf/2023a => gfbf/2024a
 18) gzip/1.12-GCCcore-12.3.0 => gzip/1.13-GCCcore-13.3.0
 19) libffi/3.4.4-GCCcore-12.2.0 => libffi/3.4.5-GCCcore-13.3.0
 20) libreadline/8.2-GCCcore-12.2.0 => libreadline/8.2-GCCcore-13.3.0
 21) lz4/1.9.4-GCCcore-12.3.0 => lz4/1.9.4-GCCcore-13.3.0
 22) ncurses/6.3-GCCcore-12.2.0 => ncurses/6.5-GCCcore-13.3.0
 23) pybind11/2.11.1-GCCcore-12.3.0 => pybind11/2.12.0-GCC-13.3.0
 24) virtualenv/20.23.1-GCCcore-12.3.0 => virtualenv/20.26.2-GCCcore-13.3.0
 25) zlib/1.2.12-GCCcore-12.2.0 => zlib/1.3.1-GCCcore-13.3.0
 26) zstd/1.5.5-GCCcore-12.3.0 => zstd/1.5.6-GCCcore-13.3.0


The following have been reloaded with a version change:
  1) FFTW/3.3.10-GCC-13.3.0 => FFTW/3.3.10-GCC-12.3.0
  2) FlexiBLAS/3.4.4-GCC-13.3.0 => FlexiBLAS/3.3.1-GCC-12.3.0
  3) GCC/13.3.0 => GCC/12.3.0
  4) GCCcore/13.3.0 => GCCcore/12.3.0
  5) OpenBLAS/0.3.27-GCC-13.3.0 => OpenBLAS/0.3.23-GCC-12.3.0
  6) OpenSSL/3 => OpenSSL/1.1
  7) Python-bundle-PyPI/2024.06-GCCcore-13.3.0 => Python-bundle-PyPI/2023.06-GCCcore-12.3.0
  8) Python/3.12.3-GCCcore-13.3.0 => Python/3.11.3-GCCcore-12.3.0
  9) SQLite/3.45.3-GCCcore-13.3.0 => SQLite/3.42.0-GCCcore-12.3.0
 10) SciPy-bundle/2024.05-gfbf-2024a => SciPy-bundle/2023.07-gfbf-2023a
 11) Tcl/8.6.14-GCCcore-13.3.0 => Tcl/8.6.13-GCCcore-12.3.0
 12) XZ/5.4.5-GCCcore-13.3.0 => XZ/5.4.2-GCCcore-12.3.0
 13) binutils/2.42-GCCcore-13.3.0 => binutils/2.40-GCCcore-12.3.0
 14) bzip2/1.0.8-GCCcore-13.3.0 => bzip2/1.0.8-GCCcore-12.3.0
 15) cffi/1.16.0-GCCcore-13.3.0 => cffi/1.15.1-GCCcore-12.3.0
 16) cryptography/42.0.8-GCCcore-13.3.0 => cryptography/41.0.1-GCCcore-12.3.0
 17) gfbf/2024a => gfbf/2023a
 18) libffi/3.4.5-GCCcore-13.3.0 => libffi/3.4.4-GCCcore-12.3.0
 19) libreadline/8.2-GCCcore-13.3.0 => libreadline/8.2-GCCcore-12.3.0
 20) ncurses/6.5-GCCcore-13.3.0 => ncurses/6.4-GCCcore-12.3.0
 21) pybind11/2.12.0-GCC-13.3.0 => pybind11/2.11.1-GCCcore-12.3.0
 22) virtualenv/20.26.2-GCCcore-13.3.0 => virtualenv/20.23.1-GCCcore-12.3.0
 23) zlib/1.3.1-GCCcore-13.3.0 => zlib/1.2.13-GCCcore-12.3.0


Iteration: 10

(1) Counterexample: (-) She was born after 1970 in Antarctica and is a an unknown occupation.

New Hypothesis H: ['~(v14 & v18 & v26 & v4)']

New Hypothesis Q: []

New Hypothesis length: 1 + background: 117

total positive counterexamples:  0
total negative counterexamples:  1 (4)
total non-horn counterexamples:  0





Iteration: 9

(4) Counterexample: (-) She was born before 1875 in Asia and is a priest.

New Hypothesis H: ['~v26']

New Hypothesis Q: []

New Hypothesis length: 1 + background: 117

total positive counterexamples:  0
total negative counterexamples:  1 (1)
total non-horn counterexamples:  0





Iteration: 8

(28) Counterexample: (+) She was born in an unknown timeperiod in Central America and is a fashion designer.

New Hypothesis H: ['Implies(v26, v15 & v24 & v26)']

New Hypothesis Q: []

New Hypothesis length: 1 + background: 117

total positive counterexamples:  1
total negative counterexamples:  1 (1)
total non-horn counterexamples:  0





Iteration: 7

(24) Counterexample: (+) She was born in an unknown timeperiod in Antarctica and is a fashion designer.

New Hypothesis H: ['Implies(v26, v24 & v26)']

New Hypothesis Q: []

New Hypothesis length: 1 + background: 117

total positive counterexamples:  2
total negative counterexamples:  1 (1)
total non-horn counterexamples:  0





Iteration: 6

(12) Counterexample: (-) He was born in an unknown timeperiod in Antarctica and is a fashion designer.

New Hypothesis H: ['Implies(v26, v24 & v26)', '~(v14 & v24 & v27)']

New Hypothesis Q: []

New Hypothesis length: 2 + background: 117

total positive counterexamples:  2
total negative counterexamples:  2 (4)
total non-horn counterexamples:  0





Iteration: 5

(56) Counterexample: (-) He was born after 1970 in an unknown place and is a fashion designer.

New Hypothesis H: ['Implies(v26, v24 & v26)', '~(v24 & v27)']

New Hypothesis Q: []

New Hypothesis length: 2 + background: 117

total positive counterexamples:  2
total negative counterexamples:  2 (3)
total non-horn counterexamples:  0





Iteration: 4

(294) Counterexample: (-) He was born in an unknown timeperiod in Eurasia and is a singer.

New Hypothesis H: ['Implies(v26, v24 & v26)', '~(v13 & v25 & v27)', '~(v24 & v27)']

New Hypothesis Q: []

New Hypothesis length: 3 + background: 117

total positive counterexamples:  2
total negative counterexamples:  3 (6)
total non-horn counterexamples:  0





Iteration: 3

(15) Counterexample: (+) He was born between 1951 and 1970 in Eurasia and is a singer.

New Hypothesis H: ['Implies(v13 & v25 & v27, v13 & v25 & v27 & v3)', 'Implies(v26, v24 & v26)', '~(v24 & v27)']

New Hypothesis Q: []

New Hypothesis length: 3 + background: 117

total positive counterexamples:  3
total negative counterexamples:  3 (6)
total non-horn counterexamples:  0





Iteration: 2

(39) Counterexample: (-) He was born in an unknown timeperiod in Antarctica and is a singer.

New Hypothesis H: ['Implies(v13 & v25 & v27, v13 & v25 & v27 & v3)', 'Implies(v26, v24 & v26)', '~(v14 & v25 & v27)', '~(v24 & v27)']

New Hypothesis Q: []

New Hypothesis length: 4 + background: 117

total positive counterexamples:  3
total negative counterexamples:  4 (9)
total non-horn counterexamples:  0





Iteration: 1

(17) Counterexample: (+) She was born in an unknown timeperiod in South America and is a singer.

New Hypothesis H: ['Implies(v13 & v25 & v27, v13 & v25 & v27 & v3)', '~(v14 & v25 & v27)', '~(v24 & v27)']

New Hypothesis Q: [Implies(v26, v0 | v1 | v10 | v11 | v12 | v13 | v14 | v15 | v16 | v17 | v18 | v19 | v2 | v20 | v21 | v22 | v23 | v24 | v25 | v27 | v3 | v4 | v5 | v6 | v7 | v8 | v9)]

New Hypothesis length: 4 + background: 117

total positive counterexamples:  4
total negative counterexamples:  3 (8)
total non-horn counterexamples:  1





Job 1366769 consumed 0.2 billing hours from project ec30.

Submitted 2025-03-05T10:04:20; waited 0.0 seconds in the queue after becoming eligible to run.

Requested wallclock time: 2.0 hours
Elapsed wallclock time:   3.2 minutes

Job exited normally.

Task and CPU statistics:
ID             CPUs  Tasks  CPU util                Start  Elapsed  Exit status
1366769           4            0.0 %  2025-03-05T10:04:20  192.0 s  0
1366769.batch     4      1    37.5 %  2025-03-05T10:04:20  192.0 s  0

Used CPU time:   4.8 CPU minutes
Unused CPU time: 8.0 CPU minutes

Memory statistics, in GiB:
ID              Alloc   Usage
1366769          16.0        
1366769.batch    16.0     1.3

Job 1366769 completed at Wed Mar 5 10:07:32 CET 2025
