Starting job 1369476 on c1-20 on fox at Thu Mar 6 14:07:29 CET 2025

/var/spool/slurmd/job1369476/slurm_script: line 17: source: /fp/homes01/u01/ec-emilp/.bashrc: is a directory
-------------------------------------------------------------------------------
There are messages associated with the following module(s):
-------------------------------------------------------------------------------

PyTorch/2.1.2-foss-2023a-CUDA-12.1.1:
   NB! This version of PyTorch has not been through the normal testsuite and
   should be considered experimental for now

-------------------------------------------------------------------------------


The following have been reloaded with a version change:
  1) GCCcore/12.3.0 => GCCcore/12.2.0
  2) GMP/6.2.1-GCCcore-12.3.0 => GMP/6.2.1-GCCcore-12.2.0
  3) Python/3.11.3-GCCcore-12.3.0 => Python/3.10.8-GCCcore-12.2.0
  4) SQLite/3.42.0-GCCcore-12.3.0 => SQLite/3.39.4-GCCcore-12.2.0
  5) Tcl/8.6.13-GCCcore-12.3.0 => Tcl/8.6.12-GCCcore-12.2.0
  6) XZ/5.4.2-GCCcore-12.3.0 => XZ/5.2.7-GCCcore-12.2.0
  7) binutils/2.40-GCCcore-12.3.0 => binutils/2.39-GCCcore-12.2.0
  8) bzip2/1.0.8-GCCcore-12.3.0 => bzip2/1.0.8-GCCcore-12.2.0
  9) libffi/3.4.4-GCCcore-12.3.0 => libffi/3.4.4-GCCcore-12.2.0
 10) libreadline/8.2-GCCcore-12.3.0 => libreadline/8.2-GCCcore-12.2.0
 11) ncurses/6.4-GCCcore-12.3.0 => ncurses/6.3-GCCcore-12.2.0
 12) zlib/1.2.13-GCCcore-12.3.0 => zlib/1.2.12-GCCcore-12.2.0


The following have been reloaded with a version change:
  1) FFTW/3.3.10-GCC-12.3.0 => FFTW/3.3.10-GCC-13.3.0
  2) FlexiBLAS/3.3.1-GCC-12.3.0 => FlexiBLAS/3.4.4-GCC-13.3.0
  3) GCC/12.3.0 => GCC/13.3.0
  4) GCCcore/12.2.0 => GCCcore/13.3.0
  5) OpenBLAS/0.3.23-GCC-12.3.0 => OpenBLAS/0.3.27-GCC-13.3.0
  6) OpenSSL/1.1 => OpenSSL/3
  7) Python-bundle-PyPI/2023.06-GCCcore-12.3.0 => Python-bundle-PyPI/2024.06-GCCcore-13.3.0
  8) Python/3.10.8-GCCcore-12.2.0 => Python/3.12.3-GCCcore-13.3.0
  9) SQLite/3.39.4-GCCcore-12.2.0 => SQLite/3.45.3-GCCcore-13.3.0
 10) SciPy-bundle/2023.07-gfbf-2023a => SciPy-bundle/2024.05-gfbf-2024a
 11) Tcl/8.6.12-GCCcore-12.2.0 => Tcl/8.6.14-GCCcore-13.3.0
 12) XZ/5.2.7-GCCcore-12.2.0 => XZ/5.4.5-GCCcore-13.3.0
 13) binutils/2.39-GCCcore-12.2.0 => binutils/2.42-GCCcore-13.3.0
 14) bzip2/1.0.8-GCCcore-12.2.0 => bzip2/1.0.8-GCCcore-13.3.0
 15) cffi/1.15.1-GCCcore-12.3.0 => cffi/1.16.0-GCCcore-13.3.0
 16) cryptography/41.0.1-GCCcore-12.3.0 => cryptography/42.0.8-GCCcore-13.3.0
 17) gfbf/2023a => gfbf/2024a
 18) gzip/1.12-GCCcore-12.3.0 => gzip/1.13-GCCcore-13.3.0
 19) libffi/3.4.4-GCCcore-12.2.0 => libffi/3.4.5-GCCcore-13.3.0
 20) libreadline/8.2-GCCcore-12.2.0 => libreadline/8.2-GCCcore-13.3.0
 21) lz4/1.9.4-GCCcore-12.3.0 => lz4/1.9.4-GCCcore-13.3.0
 22) ncurses/6.3-GCCcore-12.2.0 => ncurses/6.5-GCCcore-13.3.0
 23) pybind11/2.11.1-GCCcore-12.3.0 => pybind11/2.12.0-GCC-13.3.0
 24) virtualenv/20.23.1-GCCcore-12.3.0 => virtualenv/20.26.2-GCCcore-13.3.0
 25) zlib/1.2.12-GCCcore-12.2.0 => zlib/1.3.1-GCCcore-13.3.0
 26) zstd/1.5.5-GCCcore-12.3.0 => zstd/1.5.6-GCCcore-13.3.0


The following have been reloaded with a version change:
  1) FFTW/3.3.10-GCC-13.3.0 => FFTW/3.3.10-GCC-12.3.0
  2) FlexiBLAS/3.4.4-GCC-13.3.0 => FlexiBLAS/3.3.1-GCC-12.3.0
  3) GCC/13.3.0 => GCC/12.3.0
  4) GCCcore/13.3.0 => GCCcore/12.3.0
  5) OpenBLAS/0.3.27-GCC-13.3.0 => OpenBLAS/0.3.23-GCC-12.3.0
  6) OpenSSL/3 => OpenSSL/1.1
  7) Python-bundle-PyPI/2024.06-GCCcore-13.3.0 => Python-bundle-PyPI/2023.06-GCCcore-12.3.0
  8) Python/3.12.3-GCCcore-13.3.0 => Python/3.11.3-GCCcore-12.3.0
  9) SQLite/3.45.3-GCCcore-13.3.0 => SQLite/3.42.0-GCCcore-12.3.0
 10) SciPy-bundle/2024.05-gfbf-2024a => SciPy-bundle/2023.07-gfbf-2023a
 11) Tcl/8.6.14-GCCcore-13.3.0 => Tcl/8.6.13-GCCcore-12.3.0
 12) XZ/5.4.5-GCCcore-13.3.0 => XZ/5.4.2-GCCcore-12.3.0
 13) binutils/2.42-GCCcore-13.3.0 => binutils/2.40-GCCcore-12.3.0
 14) bzip2/1.0.8-GCCcore-13.3.0 => bzip2/1.0.8-GCCcore-12.3.0
 15) cffi/1.16.0-GCCcore-13.3.0 => cffi/1.15.1-GCCcore-12.3.0
 16) cryptography/42.0.8-GCCcore-13.3.0 => cryptography/41.0.1-GCCcore-12.3.0
 17) gfbf/2024a => gfbf/2023a
 18) libffi/3.4.5-GCCcore-13.3.0 => libffi/3.4.4-GCCcore-12.3.0
 19) libreadline/8.2-GCCcore-13.3.0 => libreadline/8.2-GCCcore-12.3.0
 20) ncurses/6.5-GCCcore-13.3.0 => ncurses/6.4-GCCcore-12.3.0
 21) pybind11/2.12.0-GCC-13.3.0 => pybind11/2.11.1-GCCcore-12.3.0
 22) virtualenv/20.26.2-GCCcore-13.3.0 => virtualenv/20.23.1-GCCcore-12.3.0
 23) zlib/1.3.1-GCCcore-13.3.0 => zlib/1.2.13-GCCcore-12.3.0


Iteration: 10

(2) Counterexample: (-) She was born between 1951 and 1970 in Europe and is a an unknown occupation.

New Hypothesis H: ['~(v16 & v3 & v7)']

New Hypothesis Q: []

New Hypothesis length: 1 + background: 36

total positive counterexamples:  0
total negative counterexamples:  1 (3)
total non-horn counterexamples:  0





Iteration: 9

(3) Counterexample: (-) He was born an unknown time period in Oceania and is a nurse.

New Hypothesis H: ['~(v11 & v17 & v9)', '~(v16 & v3 & v7)']

New Hypothesis Q: []

New Hypothesis length: 2 + background: 36

total positive counterexamples:  0
total negative counterexamples:  2 (6)
total non-horn counterexamples:  0





Iteration: 8

(4) Counterexample: (-) She was born before 1875 in South America and is a an unknown occupation.

New Hypothesis H: ['~(v11 & v17 & v9)', '~v16']

New Hypothesis Q: []

New Hypothesis length: 2 + background: 36

total positive counterexamples:  0
total negative counterexamples:  2 (4)
total non-horn counterexamples:  0





Iteration: 7

(1) Counterexample: (-) He was born after 1970 in Asia and is a nurse.

New Hypothesis H: ['~(v11 & v17)', '~v16']

New Hypothesis Q: []

New Hypothesis length: 2 + background: 36

total positive counterexamples:  0
total negative counterexamples:  2 (3)
total non-horn counterexamples:  0





Iteration: 6

(1) Counterexample: (+) She was born before 1875 in North America and is a nurse.

New Hypothesis H: ['Implies(v16, v0 & v11 & v16 & v8)', '~(v11 & v17)']

New Hypothesis Q: []

New Hypothesis length: 2 + background: 36

total positive counterexamples:  1
total negative counterexamples:  2 (3)
total non-horn counterexamples:  0





Iteration: 5

(17) Counterexample: (+) She was born an unknown time period in South America and is a singer.

New Hypothesis H: ['~(v11 & v17)']

New Hypothesis Q: [Implies(v16, v0 | v1 | v10 | v11 | v12 | v13 | v14 | v15 | v17 | v2 | v3 | v4 | v5 | v6 | v7 | v8 | v9)]

New Hypothesis length: 2 + background: 36

total positive counterexamples:  2
total negative counterexamples:  1 (2)
total non-horn counterexamples:  1





Iteration: 4

(1) Counterexample: (-) She was born after 1970 in South America and is a priest.

New Hypothesis H: ['~(v10 & v14 & v16 & v4)', '~(v11 & v17)']

New Hypothesis Q: [Implies(v16, v0 | v1 | v10 | v11 | v12 | v13 | v14 | v15 | v17 | v2 | v3 | v4 | v5 | v6 | v7 | v8 | v9)]

New Hypothesis length: 3 + background: 36

total positive counterexamples:  2
total negative counterexamples:  2 (6)
total non-horn counterexamples:  1





Iteration: 3

(5) Counterexample: (-) She was born after 1970 in South America and is a singer.

New Hypothesis H: ['~(v10 & v16 & v4)', '~(v11 & v17)']

New Hypothesis Q: [Implies(v16, v0 | v1 | v10 | v11 | v12 | v13 | v14 | v15 | v17 | v2 | v3 | v4 | v5 | v6 | v7 | v8 | v9)]

New Hypothesis length: 3 + background: 36

total positive counterexamples:  2
total negative counterexamples:  2 (5)
total non-horn counterexamples:  1





Iteration: 2

(1) Counterexample: (-) She was born an unknown time period in Oceania and is a priest.

New Hypothesis H: ['~(v10 & v16 & v4)', '~(v11 & v17)', '~(v14 & v16 & v9)']

New Hypothesis Q: [Implies(v16, v0 | v1 | v10 | v11 | v12 | v13 | v14 | v15 | v17 | v2 | v3 | v4 | v5 | v6 | v7 | v8 | v9)]

New Hypothesis length: 4 + background: 36

total positive counterexamples:  2
total negative counterexamples:  3 (8)
total non-horn counterexamples:  1





Iteration: 1

(1) Counterexample: (-) He was born an unknown time period in South America and is a singer.

New Hypothesis H: ['~(v10 & v15 & v17)', '~(v10 & v16 & v4)', '~(v11 & v17)', '~(v14 & v16 & v9)']

New Hypothesis Q: [Implies(v16, v0 | v1 | v10 | v11 | v12 | v13 | v14 | v15 | v17 | v2 | v3 | v4 | v5 | v6 | v7 | v8 | v9)]

New Hypothesis length: 5 + background: 36

total positive counterexamples:  2
total negative counterexamples:  4 (11)
total non-horn counterexamples:  1





Job 1369476 consumed 0.0 billing hours from project ec30.

Submitted 2025-03-06T14:07:24; waited 5.0 seconds in the queue after becoming eligible to run.

Requested wallclock time: 30.0 minutes
Elapsed wallclock time:   28.0 seconds

Job exited normally.

Task and CPU statistics:
ID             CPUs  Tasks  CPU util                Start  Elapsed  Exit status
1369476           4            0.0 %  2025-03-06T14:07:29   28.0 s  0
1369476.batch     4      1    23.5 %  2025-03-06T14:07:29   28.0 s  0

Used CPU time:   26.3 CPU seconds
Unused CPU time: 1.4 CPU minutes

Memory statistics, in GiB:
ID              Alloc   Usage
1369476          16.0        
1369476.batch    16.0     0.5

Job 1369476 completed at Thu Mar 6 14:07:57 CET 2025
